{"/home/travis/build/npmtest/node-npmtest-hogan.js/test.js":{"path":"/home/travis/build/npmtest/node-npmtest-hogan.js/test.js","s":{"1":2,"2":2,"3":2,"4":2,"5":2,"6":2,"7":2,"8":1,"9":2,"10":2,"11":1,"12":1,"13":1,"14":1,"15":2,"16":2,"17":2,"18":2,"19":1,"20":1,"21":2,"22":2,"23":2,"24":1,"25":1,"26":1,"27":1,"28":1,"29":1,"30":1,"31":1,"32":1,"33":1,"34":1,"35":1,"36":1,"37":1,"38":1,"39":2,"40":2,"41":1,"42":2,"43":2,"44":1,"45":2,"46":2,"47":1,"48":2,"49":2,"50":1,"51":1,"52":1,"53":1,"54":1},"b":{"1":[2,1,1,1],"2":[1,1,1,1],"3":[1,1],"4":[1,1],"5":[1,1],"6":[1,1],"7":[1,1],"8":[1,1],"9":[1,1],"10":[1,1,1],"11":[1,1],"12":[1,1],"13":[1,1],"14":[1,1],"15":[1,1],"16":[1,1],"17":[1,1]},"f":{"1":2,"2":2,"3":2,"4":2,"5":2,"6":1,"7":1,"8":1,"9":2,"10":2,"11":2,"12":2,"13":1},"fnMap":{"1":{"name":"(anonymous_1)","line":12,"loc":{"start":{"line":12,"column":1},"end":{"line":12,"column":13}}},"2":{"name":"(anonymous_2)","line":19,"loc":{"start":{"line":19,"column":5},"end":{"line":19,"column":17}}},"3":{"name":"(anonymous_3)","line":23,"loc":{"start":{"line":23,"column":24},"end":{"line":23,"column":36}}},"4":{"name":"(anonymous_4)","line":61,"loc":{"start":{"line":61,"column":5},"end":{"line":61,"column":17}}},"5":{"name":"(anonymous_5)","line":82,"loc":{"start":{"line":82,"column":5},"end":{"line":82,"column":17}}},"6":{"name":"(anonymous_6)","line":91,"loc":{"start":{"line":91,"column":77},"end":{"line":94,"column":10}}},"7":{"name":"(anonymous_7)","line":112,"loc":{"start":{"line":112,"column":83},"end":{"line":115,"column":10}},"skip":true},"8":{"name":"(anonymous_8)","line":123,"loc":{"start":{"line":123,"column":77},"end":{"line":126,"column":10}},"skip":true},"9":{"name":"(anonymous_9)","line":139,"loc":{"start":{"line":139,"column":12},"end":{"line":139,"column":40}},"skip":true},"10":{"name":"(anonymous_10)","line":147,"loc":{"start":{"line":147,"column":77},"end":{"line":150,"column":10}},"skip":true},"11":{"name":"(anonymous_11)","line":158,"loc":{"start":{"line":158,"column":83},"end":{"line":161,"column":10}},"skip":true},"12":{"name":"(anonymous_12)","line":169,"loc":{"start":{"line":169,"column":79},"end":{"line":172,"column":10}},"skip":true},"13":{"name":"(anonymous_13)","line":180,"loc":{"start":{"line":180,"column":75},"end":{"line":183,"column":10}},"skip":true}},"statementMap":{"1":{"start":{"line":12,"column":0},"end":{"line":195,"column":5}},"2":{"start":{"line":14,"column":4},"end":{"line":14,"column":14}},"3":{"start":{"line":19,"column":4},"end":{"line":56,"column":9}},"4":{"start":{"line":21,"column":8},"end":{"line":21,"column":19}},"5":{"start":{"line":23,"column":8},"end":{"line":35,"column":13}},"6":{"start":{"line":24,"column":12},"end":{"line":34,"column":13}},"7":{"start":{"line":25,"column":16},"end":{"line":28,"column":30}},"8":{"start":{"line":30,"column":16},"end":{"line":33,"column":27}},"9":{"start":{"line":37,"column":8},"end":{"line":39,"column":21}},"10":{"start":{"line":40,"column":8},"end":{"line":53,"column":9}},"11":{"start":{"line":43,"column":12},"end":{"line":46,"column":14}},"12":{"start":{"line":47,"column":12},"end":{"line":47,"column":18}},"13":{"start":{"line":50,"column":12},"end":{"line":51,"column":33}},"14":{"start":{"line":52,"column":12},"end":{"line":52,"column":18}},"15":{"start":{"line":55,"column":8},"end":{"line":55,"column":35}},"16":{"start":{"line":61,"column":4},"end":{"line":63,"column":9}},"17":{"start":{"line":62,"column":8},"end":{"line":62,"column":15}},"18":{"start":{"line":64,"column":4},"end":{"line":77,"column":5}},"19":{"start":{"line":70,"column":8},"end":{"line":70,"column":14}},"20":{"start":{"line":76,"column":8},"end":{"line":76,"column":14}},"21":{"start":{"line":82,"column":4},"end":{"line":84,"column":9}},"22":{"start":{"line":83,"column":8},"end":{"line":83,"column":15}},"23":{"start":{"line":85,"column":4},"end":{"line":194,"column":5}},"24":{"start":{"line":91,"column":8},"end":{"line":99,"column":10}},"25":{"start":{"line":98,"column":12},"end":{"line":98,"column":35}},"26":{"start":{"line":102,"column":8},"end":{"line":104,"column":63}},"27":{"start":{"line":105,"column":8},"end":{"line":105,"column":14}},"28":{"start":{"line":112,"column":8},"end":{"line":121,"column":10},"skip":true},"29":{"start":{"line":119,"column":12},"end":{"line":119,"column":55},"skip":true},"30":{"start":{"line":120,"column":12},"end":{"line":120,"column":48},"skip":true},"31":{"start":{"line":123,"column":8},"end":{"line":136,"column":10},"skip":true},"32":{"start":{"line":130,"column":12},"end":{"line":130,"column":76},"skip":true},"33":{"start":{"line":131,"column":12},"end":{"line":131,"column":73},"skip":true},"34":{"start":{"line":132,"column":12},"end":{"line":132,"column":74},"skip":true},"35":{"start":{"line":133,"column":12},"end":{"line":133,"column":79},"skip":true},"36":{"start":{"line":134,"column":12},"end":{"line":134,"column":25},"skip":true},"37":{"start":{"line":135,"column":12},"end":{"line":135,"column":45},"skip":true},"38":{"start":{"line":138,"column":8},"end":{"line":145,"column":14},"skip":true},"39":{"start":{"line":143,"column":16},"end":{"line":143,"column":29},"skip":true},"40":{"start":{"line":144,"column":16},"end":{"line":144,"column":55},"skip":true},"41":{"start":{"line":147,"column":8},"end":{"line":156,"column":10},"skip":true},"42":{"start":{"line":154,"column":12},"end":{"line":154,"column":25},"skip":true},"43":{"start":{"line":155,"column":12},"end":{"line":155,"column":45},"skip":true},"44":{"start":{"line":158,"column":8},"end":{"line":167,"column":10},"skip":true},"45":{"start":{"line":165,"column":12},"end":{"line":165,"column":25},"skip":true},"46":{"start":{"line":166,"column":12},"end":{"line":166,"column":48},"skip":true},"47":{"start":{"line":169,"column":8},"end":{"line":178,"column":10},"skip":true},"48":{"start":{"line":176,"column":12},"end":{"line":176,"column":25},"skip":true},"49":{"start":{"line":177,"column":12},"end":{"line":177,"column":46},"skip":true},"50":{"start":{"line":180,"column":8},"end":{"line":189,"column":10},"skip":true},"51":{"start":{"line":187,"column":12},"end":{"line":187,"column":94},"skip":true},"52":{"start":{"line":188,"column":12},"end":{"line":188,"column":48},"skip":true},"53":{"start":{"line":192,"column":8},"end":{"line":192,"column":35},"skip":true},"54":{"start":{"line":193,"column":8},"end":{"line":193,"column":14},"skip":true}},"branchMap":{"1":{"line":25,"type":"binary-expr","locations":[{"start":{"line":25,"column":23},"end":{"line":25,"column":62}},{"start":{"line":26,"column":20},"end":{"line":26,"column":70}},{"start":{"line":27,"column":20},"end":{"line":27,"column":71}},{"start":{"line":28,"column":20},"end":{"line":28,"column":29}}]},"2":{"line":30,"type":"binary-expr","locations":[{"start":{"line":30,"column":23},"end":{"line":30,"column":37}},{"start":{"line":31,"column":20},"end":{"line":31,"column":61}},{"start":{"line":32,"column":20},"end":{"line":32,"column":70}},{"start":{"line":33,"column":20},"end":{"line":33,"column":26}}]},"3":{"line":37,"type":"cond-expr","locations":[{"start":{"line":38,"column":14},"end":{"line":38,"column":20}},{"start":{"line":39,"column":14},"end":{"line":39,"column":20}}]},"4":{"line":40,"type":"switch","locations":[{"start":{"line":42,"column":8},"end":{"line":47,"column":18}},{"start":{"line":49,"column":8},"end":{"line":52,"column":18}}]},"5":{"line":44,"type":"binary-expr","locations":[{"start":{"line":44,"column":16},"end":{"line":44,"column":44}},{"start":{"line":44,"column":48},"end":{"line":44,"column":66}}]},"6":{"line":50,"type":"binary-expr","locations":[{"start":{"line":50,"column":21},"end":{"line":50,"column":49}},{"start":{"line":50,"column":53},"end":{"line":50,"column":72}}]},"7":{"line":64,"type":"switch","locations":[{"start":{"line":69,"column":4},"end":{"line":70,"column":14}},{"start":{"line":75,"column":4},"end":{"line":76,"column":14}}]},"8":{"line":85,"type":"switch","locations":[{"start":{"line":90,"column":4},"end":{"line":105,"column":14}},{"start":{"line":111,"column":4},"end":{"line":193,"column":14},"skip":true}]},"9":{"line":91,"type":"binary-expr","locations":[{"start":{"line":91,"column":42},"end":{"line":91,"column":73}},{"start":{"line":91,"column":77},"end":{"line":99,"column":9}}]},"10":{"line":102,"type":"binary-expr","locations":[{"start":{"line":102,"column":18},"end":{"line":102,"column":32}},{"start":{"line":103,"column":12},"end":{"line":103,"column":53}},{"start":{"line":104,"column":12},"end":{"line":104,"column":61}}]},"11":{"line":112,"type":"binary-expr","locations":[{"start":{"line":112,"column":45},"end":{"line":112,"column":79},"skip":true},{"start":{"line":112,"column":83},"end":{"line":121,"column":9},"skip":true}]},"12":{"line":123,"type":"binary-expr","locations":[{"start":{"line":123,"column":42},"end":{"line":123,"column":73},"skip":true},{"start":{"line":123,"column":77},"end":{"line":136,"column":9},"skip":true}]},"13":{"line":138,"type":"binary-expr","locations":[{"start":{"line":138,"column":48},"end":{"line":138,"column":85},"skip":true},{"start":{"line":139,"column":12},"end":{"line":145,"column":13},"skip":true}]},"14":{"line":147,"type":"binary-expr","locations":[{"start":{"line":147,"column":42},"end":{"line":147,"column":73},"skip":true},{"start":{"line":147,"column":77},"end":{"line":156,"column":9},"skip":true}]},"15":{"line":158,"type":"binary-expr","locations":[{"start":{"line":158,"column":45},"end":{"line":158,"column":79},"skip":true},{"start":{"line":158,"column":83},"end":{"line":167,"column":9},"skip":true}]},"16":{"line":169,"type":"binary-expr","locations":[{"start":{"line":169,"column":43},"end":{"line":169,"column":75},"skip":true},{"start":{"line":169,"column":79},"end":{"line":178,"column":9},"skip":true}]},"17":{"line":180,"type":"binary-expr","locations":[{"start":{"line":180,"column":41},"end":{"line":180,"column":71},"skip":true},{"start":{"line":180,"column":75},"end":{"line":189,"column":9},"skip":true}]}},"code":["/* istanbul instrument in package npmtest_hogan_js */","/*jslint","    bitwise: true,","    browser: true,","    maxerr: 8,","    maxlen: 96,","    node: true,","    nomen: true,","    regexp: true,","    stupid: true","*/","(function () {","    'use strict';","    var local;","","","","    // run shared js-env code - pre-init","    (function () {","        // init local","        local = {};","        // init modeJs","        local.modeJs = (function () {","            try {","                return typeof navigator.userAgent === 'string' &&","                    typeof document.querySelector('body') === 'object' &&","                    typeof XMLHttpRequest.prototype.open === 'function' &&","                    'browser';","            } catch (errorCaughtBrowser) {","                return module.exports &&","                    typeof process.versions.node === 'string' &&","                    typeof require('http').createServer === 'function' &&","                    'node';","            }","        }());","        // init global","        local.global = local.modeJs === 'browser'","            ? window","            : global;","        switch (local.modeJs) {","        // re-init local from window.local","        case 'browser':","            local = local.global.utility2.objectSetDefault(","                local.global.utility2_rollup || local.global.local,","                local.global.utility2","            );","            break;","        // re-init local from example.js","        case 'node':","            local = (local.global.utility2_rollup || require('utility2'))","                .requireReadme();","            break;","        }","        // export local","        local.global.local = local;","    }());","","","","    // run shared js-env code - function","    (function () {","        return;","    }());","    switch (local.modeJs) {","","","","    // run browser js-env code - function","    case 'browser':","        break;","","","","    // run node js-env code - function","    case 'node':","        break;","    }","","","","    // run shared js-env code - post-init","    (function () {","        return;","    }());","    switch (local.modeJs) {","","","","    // run browser js-env code - post-init","    case 'browser':","        local.testCase_browser_nullCase = local.testCase_browser_nullCase || function (","            options,","            onError","        ) {","        /*","         * this function will test browsers's null-case handling-behavior-behavior","         */","            onError(null, options);","        };","","        // run tests","        local.nop(local.modeTest &&","            document.querySelector('#testRunButton1') &&","            document.querySelector('#testRunButton1').click());","        break;","","","","    // run node js-env code - post-init","    /* istanbul ignore next */","    case 'node':","        local.testCase_buildApidoc_default = local.testCase_buildApidoc_default || function (","            options,","            onError","        ) {","        /*","         * this function will test buildApidoc's default handling-behavior-behavior","         */","            options = { modulePathList: module.paths };","            local.buildApidoc(options, onError);","        };","","        local.testCase_buildApp_default = local.testCase_buildApp_default || function (","            options,","            onError","        ) {","        /*","         * this function will test buildApp's default handling-behavior-behavior","         */","            local.testCase_buildReadme_default(options, local.onErrorThrow);","            local.testCase_buildLib_default(options, local.onErrorThrow);","            local.testCase_buildTest_default(options, local.onErrorThrow);","            local.testCase_buildCustomOrg_default(options, local.onErrorThrow);","            options = [];","            local.buildApp(options, onError);","        };","","        local.testCase_buildCustomOrg_default = local.testCase_buildCustomOrg_default ||","            function (options, onError) {","            /*","             * this function will test buildCustomOrg's default handling-behavior","             */","                options = {};","                local.buildCustomOrg(options, onError);","            };","","        local.testCase_buildLib_default = local.testCase_buildLib_default || function (","            options,","            onError","        ) {","        /*","         * this function will test buildLib's default handling-behavior","         */","            options = {};","            local.buildLib(options, onError);","        };","","        local.testCase_buildReadme_default = local.testCase_buildReadme_default || function (","            options,","            onError","        ) {","        /*","         * this function will test buildReadme's default handling-behavior-behavior","         */","            options = {};","            local.buildReadme(options, onError);","        };","","        local.testCase_buildTest_default = local.testCase_buildTest_default || function (","            options,","            onError","        ) {","        /*","         * this function will test buildTest's default handling-behavior","         */","            options = {};","            local.buildTest(options, onError);","        };","","        local.testCase_webpage_default = local.testCase_webpage_default || function (","            options,","            onError","        ) {","        /*","         * this function will test webpage's default handling-behavior","         */","            options = { modeCoverageMerge: true, url: local.serverLocalHost + '?modeTest=1' };","            local.browserTest(options, onError);","        };","","        // run test-server","        local.testRunServer(local);","        break;","    }","}());",""],"l":{"12":2,"14":2,"19":2,"21":2,"23":2,"24":2,"25":2,"30":1,"37":2,"40":2,"43":1,"47":1,"50":1,"52":1,"55":2,"61":2,"62":2,"64":2,"70":1,"76":1,"82":2,"83":2,"85":2,"91":1,"98":1,"102":1,"105":1,"112":1,"119":1,"120":1,"123":1,"130":1,"131":1,"132":1,"133":1,"134":1,"135":1,"138":1,"143":2,"144":2,"147":1,"154":2,"155":2,"158":1,"165":2,"166":2,"169":1,"176":2,"177":2,"180":1,"187":1,"188":1,"192":1,"193":1}},"/home/travis/build/npmtest/node-npmtest-hogan.js/lib.npmtest_hogan.js.js":{"path":"/home/travis/build/npmtest/node-npmtest-hogan.js/lib.npmtest_hogan.js.js","s":{"1":2,"2":2,"3":2,"4":2,"5":2,"6":2,"7":2,"8":1,"9":2,"10":2,"11":2,"12":2,"13":1,"14":1,"15":1,"16":1},"b":{"1":[2,1,1,1],"2":[1,1,1,1],"3":[1,1],"4":[2,2],"5":[1,1]},"f":{"1":2,"2":2,"3":2},"fnMap":{"1":{"name":"(anonymous_1)","line":12,"loc":{"start":{"line":12,"column":1},"end":{"line":12,"column":13}}},"2":{"name":"(anonymous_2)","line":19,"loc":{"start":{"line":19,"column":5},"end":{"line":19,"column":17}}},"3":{"name":"(anonymous_3)","line":23,"loc":{"start":{"line":23,"column":24},"end":{"line":23,"column":36}}}},"statementMap":{"1":{"start":{"line":12,"column":0},"end":{"line":53,"column":5}},"2":{"start":{"line":14,"column":4},"end":{"line":14,"column":14}},"3":{"start":{"line":19,"column":4},"end":{"line":52,"column":9}},"4":{"start":{"line":21,"column":8},"end":{"line":21,"column":19}},"5":{"start":{"line":23,"column":8},"end":{"line":35,"column":13}},"6":{"start":{"line":24,"column":12},"end":{"line":34,"column":13}},"7":{"start":{"line":25,"column":16},"end":{"line":28,"column":30}},"8":{"start":{"line":30,"column":16},"end":{"line":33,"column":27}},"9":{"start":{"line":37,"column":8},"end":{"line":39,"column":21}},"10":{"start":{"line":41,"column":8},"end":{"line":41,"column":54}},"11":{"start":{"line":43,"column":8},"end":{"line":43,"column":53}},"12":{"start":{"line":45,"column":8},"end":{"line":51,"column":9}},"13":{"start":{"line":46,"column":12},"end":{"line":46,"column":59}},"14":{"start":{"line":48,"column":12},"end":{"line":48,"column":35}},"15":{"start":{"line":49,"column":12},"end":{"line":49,"column":49}},"16":{"start":{"line":50,"column":12},"end":{"line":50,"column":43}}},"branchMap":{"1":{"line":25,"type":"binary-expr","locations":[{"start":{"line":25,"column":23},"end":{"line":25,"column":62}},{"start":{"line":26,"column":20},"end":{"line":26,"column":70}},{"start":{"line":27,"column":20},"end":{"line":27,"column":71}},{"start":{"line":28,"column":20},"end":{"line":28,"column":29}}]},"2":{"line":30,"type":"binary-expr","locations":[{"start":{"line":30,"column":23},"end":{"line":30,"column":37}},{"start":{"line":31,"column":20},"end":{"line":31,"column":61}},{"start":{"line":32,"column":20},"end":{"line":32,"column":70}},{"start":{"line":33,"column":20},"end":{"line":33,"column":26}}]},"3":{"line":37,"type":"cond-expr","locations":[{"start":{"line":38,"column":14},"end":{"line":38,"column":20}},{"start":{"line":39,"column":14},"end":{"line":39,"column":20}}]},"4":{"line":41,"type":"binary-expr","locations":[{"start":{"line":41,"column":16},"end":{"line":41,"column":44}},{"start":{"line":41,"column":48},"end":{"line":41,"column":53}}]},"5":{"line":45,"type":"if","locations":[{"start":{"line":45,"column":8},"end":{"line":45,"column":8}},{"start":{"line":45,"column":8},"end":{"line":45,"column":8}}]}},"code":["/* istanbul instrument in package npmtest_hogan_js */","/*jslint","    bitwise: true,","    browser: true,","    maxerr: 8,","    maxlen: 96,","    node: true,","    nomen: true,","    regexp: true,","    stupid: true","*/","(function () {","    'use strict';","    var local;","","","","    // run shared js-env code - pre-init","    (function () {","        // init local","        local = {};","        // init modeJs","        local.modeJs = (function () {","            try {","                return typeof navigator.userAgent === 'string' &&","                    typeof document.querySelector('body') === 'object' &&","                    typeof XMLHttpRequest.prototype.open === 'function' &&","                    'browser';","            } catch (errorCaughtBrowser) {","                return module.exports &&","                    typeof process.versions.node === 'string' &&","                    typeof require('http').createServer === 'function' &&","                    'node';","            }","        }());","        // init global","        local.global = local.modeJs === 'browser'","            ? window","            : global;","        // init utility2_rollup","        local = local.global.utility2_rollup || local;","        // init lib","        local.local = local.npmtest_hogan_js = local;","        // init exports","        if (local.modeJs === 'browser') {","            local.global.utility2_npmtest_hogan_js = local;","        } else {","            module.exports = local;","            module.exports.__dirname = __dirname;","            module.exports.module = module;","        }","    }());","}());",""],"l":{"12":2,"14":2,"19":2,"21":2,"23":2,"24":2,"25":2,"30":1,"37":2,"41":2,"43":2,"45":2,"46":1,"48":1,"49":1,"50":1}},"/home/travis/build/npmtest/node-npmtest-hogan.js/example.js":{"path":"/home/travis/build/npmtest/node-npmtest-hogan.js/example.js","s":{"1":2,"2":2,"3":2,"4":2,"5":2,"6":2,"7":2,"8":1,"9":2,"10":2,"11":2,"12":2,"13":1,"14":2,"15":2,"16":2,"17":2,"18":2,"19":0,"20":2,"21":1,"22":1,"23":1,"24":1,"25":1,"26":0,"27":0,"28":1,"29":1,"30":2,"31":0,"32":0,"33":0,"34":1,"35":2,"36":2,"37":3,"38":3,"39":3,"40":3,"41":0,"42":3,"43":3,"44":3,"45":1,"46":3,"47":1,"48":1,"49":1,"50":1,"51":1,"52":1,"53":1,"54":1,"55":1,"56":1,"57":0,"58":1,"59":6,"60":6,"61":1,"62":2,"63":0,"64":2,"65":1,"66":1,"67":0,"68":0,"69":0,"70":0,"71":0,"72":0,"73":0,"74":0,"75":0,"76":0,"77":0,"78":0,"79":0,"80":0,"81":0,"82":0,"83":0},"b":{"1":[2,1,1,1],"2":[1,1,1,1],"3":[1,1],"4":[2,2],"5":[1,1],"6":[1,1],"7":[2,0],"8":[2,1,1,1,1,1],"9":[0,2,0],"10":[1,1],"11":[2,1,1],"12":[1,0],"13":[0,2],"14":[2,0,0,0,0,0,0],"15":[0,3],"16":[3,0],"17":[1,1],"18":[0,1],"19":[1,2,0,2],"20":[1,0],"21":[1,1],"22":[0,0],"23":[0,0],"24":[0,0],"25":[0,0],"26":[0,0],"27":[0,0],"28":[0,0]},"f":{"1":2,"2":2,"3":2,"4":2,"5":2,"6":2,"7":3,"8":3,"9":3,"10":1,"11":6,"12":0},"fnMap":{"1":{"name":"(anonymous_1)","line":26,"loc":{"start":{"line":26,"column":1},"end":{"line":26,"column":13}}},"2":{"name":"(anonymous_2)","line":33,"loc":{"start":{"line":33,"column":5},"end":{"line":33,"column":17}}},"3":{"name":"(anonymous_3)","line":37,"loc":{"start":{"line":37,"column":24},"end":{"line":37,"column":36}}},"4":{"name":"(anonymous_4)","line":69,"loc":{"start":{"line":69,"column":31},"end":{"line":69,"column":48}},"skip":true},"5":{"name":"(anonymous_5)","line":78,"loc":{"start":{"line":78,"column":26},"end":{"line":78,"column":45}},"skip":true},"6":{"name":"(anonymous_6)","line":123,"loc":{"start":{"line":123,"column":33},"end":{"line":123,"column":48}},"skip":true},"7":{"name":"(anonymous_7)","line":125,"loc":{"start":{"line":125,"column":27},"end":{"line":125,"column":39}},"skip":true},"8":{"name":"(anonymous_8)","line":133,"loc":{"start":{"line":133,"column":59},"end":{"line":133,"column":74}},"skip":true},"9":{"name":"(anonymous_9)","line":143,"loc":{"start":{"line":143,"column":45},"end":{"line":143,"column":62}},"skip":true},"10":{"name":"(anonymous_10)","line":144,"loc":{"start":{"line":144,"column":73},"end":{"line":144,"column":92}},"skip":true},"11":{"name":"(anonymous_11)","line":272,"loc":{"start":{"line":272,"column":51},"end":{"line":272,"column":77}},"skip":true},"12":{"name":"(anonymous_12)","line":315,"loc":{"start":{"line":315,"column":32},"end":{"line":315,"column":61}},"skip":true}},"statementMap":{"1":{"start":{"line":26,"column":0},"end":{"line":326,"column":5}},"2":{"start":{"line":28,"column":4},"end":{"line":28,"column":14}},"3":{"start":{"line":33,"column":4},"end":{"line":60,"column":9}},"4":{"start":{"line":35,"column":8},"end":{"line":35,"column":19}},"5":{"start":{"line":37,"column":8},"end":{"line":49,"column":13}},"6":{"start":{"line":38,"column":12},"end":{"line":48,"column":13}},"7":{"start":{"line":39,"column":16},"end":{"line":42,"column":30}},"8":{"start":{"line":44,"column":16},"end":{"line":47,"column":27}},"9":{"start":{"line":51,"column":8},"end":{"line":53,"column":21}},"10":{"start":{"line":55,"column":8},"end":{"line":57,"column":45}},"11":{"start":{"line":59,"column":8},"end":{"line":59,"column":35}},"12":{"start":{"line":61,"column":4},"end":{"line":325,"column":5}},"13":{"start":{"line":69,"column":8},"end":{"line":121,"column":10},"skip":true},"14":{"start":{"line":70,"column":12},"end":{"line":88,"column":13},"skip":true},"15":{"start":{"line":76,"column":16},"end":{"line":87,"column":19},"skip":true},"16":{"start":{"line":79,"column":20},"end":{"line":86,"column":21},"skip":true},"17":{"start":{"line":82,"column":24},"end":{"line":82,"column":43},"skip":true},"18":{"start":{"line":83,"column":24},"end":{"line":83,"column":30},"skip":true},"19":{"start":{"line":85,"column":24},"end":{"line":85,"column":49},"skip":true},"20":{"start":{"line":89,"column":12},"end":{"line":107,"column":13},"skip":true},"21":{"start":{"line":92,"column":16},"end":{"line":102,"column":17},"skip":true},"22":{"start":{"line":93,"column":20},"end":{"line":93,"column":86},"skip":true},"23":{"start":{"line":94,"column":20},"end":{"line":95,"column":45},"skip":true},"24":{"start":{"line":96,"column":20},"end":{"line":96,"column":42},"skip":true},"25":{"start":{"line":97,"column":20},"end":{"line":97,"column":48},"skip":true},"26":{"start":{"line":100,"column":20},"end":{"line":100,"column":85},"skip":true},"27":{"start":{"line":101,"column":20},"end":{"line":101,"column":96},"skip":true},"28":{"start":{"line":103,"column":16},"end":{"line":103,"column":22},"skip":true},"29":{"start":{"line":106,"column":16},"end":{"line":106,"column":22},"skip":true},"30":{"start":{"line":108,"column":12},"end":{"line":120,"column":13},"skip":true},"31":{"start":{"line":114,"column":16},"end":{"line":119,"column":17},"skip":true},"32":{"start":{"line":116,"column":20},"end":{"line":116,"column":78},"skip":true},"33":{"start":{"line":118,"column":20},"end":{"line":118,"column":47},"skip":true},"34":{"start":{"line":123,"column":8},"end":{"line":141,"column":11},"skip":true},"35":{"start":{"line":124,"column":12},"end":{"line":124,"column":54},"skip":true},"36":{"start":{"line":125,"column":12},"end":{"line":140,"column":14},"skip":true},"37":{"start":{"line":126,"column":16},"end":{"line":126,"column":28},"skip":true},"38":{"start":{"line":127,"column":16},"end":{"line":127,"column":69},"skip":true},"39":{"start":{"line":128,"column":16},"end":{"line":128,"column":75},"skip":true},"40":{"start":{"line":129,"column":16},"end":{"line":131,"column":17},"skip":true},"41":{"start":{"line":130,"column":20},"end":{"line":130,"column":27},"skip":true},"42":{"start":{"line":133,"column":16},"end":{"line":137,"column":36},"skip":true},"43":{"start":{"line":134,"column":20},"end":{"line":136,"column":55},"skip":true},"44":{"start":{"line":139,"column":16},"end":{"line":139,"column":57},"skip":true},"45":{"start":{"line":143,"column":8},"end":{"line":147,"column":11},"skip":true},"46":{"start":{"line":144,"column":12},"end":{"line":146,"column":15},"skip":true},"47":{"start":{"line":145,"column":16},"end":{"line":145,"column":70},"skip":true},"48":{"start":{"line":149,"column":8},"end":{"line":149,"column":31},"skip":true},"49":{"start":{"line":150,"column":8},"end":{"line":150,"column":14},"skip":true},"50":{"start":{"line":158,"column":8},"end":{"line":158,"column":31},"skip":true},"51":{"start":{"line":160,"column":8},"end":{"line":160,"column":33},"skip":true},"52":{"start":{"line":161,"column":8},"end":{"line":161,"column":37},"skip":true},"53":{"start":{"line":162,"column":8},"end":{"line":162,"column":35},"skip":true},"54":{"start":{"line":164,"column":8},"end":{"line":164,"column":50},"skip":true},"55":{"start":{"line":166,"column":8},"end":{"line":256,"column":2},"skip":true},"56":{"start":{"line":258,"column":8},"end":{"line":286,"column":9},"skip":true},"57":{"start":{"line":259,"column":12},"end":{"line":269,"column":14},"skip":true},"58":{"start":{"line":271,"column":12},"end":{"line":285,"column":19},"skip":true},"59":{"start":{"line":274,"column":20},"end":{"line":274,"column":35},"skip":true},"60":{"start":{"line":275,"column":20},"end":{"line":284,"column":21},"skip":true},"61":{"start":{"line":277,"column":24},"end":{"line":277,"column":64},"skip":true},"62":{"start":{"line":279,"column":24},"end":{"line":279,"column":40},"skip":true},"63":{"start":{"line":281,"column":24},"end":{"line":281,"column":40},"skip":true},"64":{"start":{"line":283,"column":24},"end":{"line":283,"column":39},"skip":true},"65":{"start":{"line":288,"column":8},"end":{"line":290,"column":9},"skip":true},"66":{"start":{"line":289,"column":12},"end":{"line":289,"column":18},"skip":true},"67":{"start":{"line":291,"column":8},"end":{"line":293,"column":54},"skip":true},"68":{"start":{"line":296,"column":8},"end":{"line":301,"column":37},"skip":true},"69":{"start":{"line":303,"column":8},"end":{"line":303,"column":82},"skip":true},"70":{"start":{"line":306,"column":8},"end":{"line":308,"column":9},"skip":true},"71":{"start":{"line":307,"column":12},"end":{"line":307,"column":82},"skip":true},"72":{"start":{"line":310,"column":8},"end":{"line":312,"column":9},"skip":true},"73":{"start":{"line":311,"column":12},"end":{"line":311,"column":18},"skip":true},"74":{"start":{"line":313,"column":8},"end":{"line":313,"column":54},"skip":true},"75":{"start":{"line":314,"column":8},"end":{"line":314,"column":69},"skip":true},"76":{"start":{"line":315,"column":8},"end":{"line":323,"column":36},"skip":true},"77":{"start":{"line":316,"column":12},"end":{"line":316,"column":61},"skip":true},"78":{"start":{"line":317,"column":12},"end":{"line":320,"column":13},"skip":true},"79":{"start":{"line":318,"column":16},"end":{"line":318,"column":75},"skip":true},"80":{"start":{"line":319,"column":16},"end":{"line":319,"column":23},"skip":true},"81":{"start":{"line":321,"column":12},"end":{"line":321,"column":38},"skip":true},"82":{"start":{"line":322,"column":12},"end":{"line":322,"column":27},"skip":true},"83":{"start":{"line":324,"column":8},"end":{"line":324,"column":14},"skip":true}},"branchMap":{"1":{"line":39,"type":"binary-expr","locations":[{"start":{"line":39,"column":23},"end":{"line":39,"column":62}},{"start":{"line":40,"column":20},"end":{"line":40,"column":70}},{"start":{"line":41,"column":20},"end":{"line":41,"column":71}},{"start":{"line":42,"column":20},"end":{"line":42,"column":29}}]},"2":{"line":44,"type":"binary-expr","locations":[{"start":{"line":44,"column":23},"end":{"line":44,"column":37}},{"start":{"line":45,"column":20},"end":{"line":45,"column":61}},{"start":{"line":46,"column":20},"end":{"line":46,"column":70}},{"start":{"line":47,"column":20},"end":{"line":47,"column":26}}]},"3":{"line":51,"type":"cond-expr","locations":[{"start":{"line":52,"column":14},"end":{"line":52,"column":20}},{"start":{"line":53,"column":14},"end":{"line":53,"column":20}}]},"4":{"line":55,"type":"binary-expr","locations":[{"start":{"line":55,"column":16},"end":{"line":55,"column":44}},{"start":{"line":55,"column":49},"end":{"line":57,"column":43}}]},"5":{"line":55,"type":"cond-expr","locations":[{"start":{"line":56,"column":14},"end":{"line":56,"column":52}},{"start":{"line":57,"column":14},"end":{"line":57,"column":43}}]},"6":{"line":61,"type":"switch","locations":[{"start":{"line":68,"column":4},"end":{"line":150,"column":14},"skip":true},{"start":{"line":156,"column":4},"end":{"line":324,"column":14},"skip":true}]},"7":{"line":70,"type":"if","locations":[{"start":{"line":70,"column":12},"end":{"line":70,"column":12},"skip":true},{"start":{"line":70,"column":12},"end":{"line":70,"column":12},"skip":true}]},"8":{"line":70,"type":"binary-expr","locations":[{"start":{"line":70,"column":16},"end":{"line":70,"column":22},"skip":true},{"start":{"line":70,"column":27},"end":{"line":70,"column":32},"skip":true},{"start":{"line":71,"column":20},"end":{"line":71,"column":39},"skip":true},{"start":{"line":72,"column":20},"end":{"line":72,"column":49},"skip":true},{"start":{"line":73,"column":20},"end":{"line":73,"column":58},"skip":true},{"start":{"line":74,"column":20},"end":{"line":74,"column":69},"skip":true}]},"9":{"line":79,"type":"switch","locations":[{"start":{"line":80,"column":20},"end":{"line":80,"column":33},"skip":true},{"start":{"line":81,"column":20},"end":{"line":83,"column":30},"skip":true},{"start":{"line":84,"column":20},"end":{"line":85,"column":49},"skip":true}]},"10":{"line":89,"type":"switch","locations":[{"start":{"line":90,"column":12},"end":{"line":103,"column":22},"skip":true},{"start":{"line":105,"column":12},"end":{"line":106,"column":22},"skip":true}]},"11":{"line":89,"type":"binary-expr","locations":[{"start":{"line":89,"column":20},"end":{"line":89,"column":25},"skip":true},{"start":{"line":89,"column":29},"end":{"line":89,"column":48},"skip":true},{"start":{"line":89,"column":52},"end":{"line":89,"column":74},"skip":true}]},"12":{"line":92,"type":"if","locations":[{"start":{"line":92,"column":16},"end":{"line":92,"column":16},"skip":true},{"start":{"line":92,"column":16},"end":{"line":92,"column":16},"skip":true}]},"13":{"line":108,"type":"if","locations":[{"start":{"line":108,"column":12},"end":{"line":108,"column":12},"skip":true},{"start":{"line":108,"column":12},"end":{"line":108,"column":12},"skip":true}]},"14":{"line":108,"type":"binary-expr","locations":[{"start":{"line":108,"column":16},"end":{"line":108,"column":61},"skip":true},{"start":{"line":108,"column":66},"end":{"line":108,"column":72},"skip":true},{"start":{"line":108,"column":77},"end":{"line":108,"column":82},"skip":true},{"start":{"line":109,"column":20},"end":{"line":109,"column":39},"skip":true},{"start":{"line":110,"column":20},"end":{"line":110,"column":49},"skip":true},{"start":{"line":111,"column":20},"end":{"line":111,"column":58},"skip":true},{"start":{"line":112,"column":20},"end":{"line":112,"column":68},"skip":true}]},"15":{"line":129,"type":"if","locations":[{"start":{"line":129,"column":16},"end":{"line":129,"column":16},"skip":true},{"start":{"line":129,"column":16},"end":{"line":129,"column":16},"skip":true}]},"16":{"line":134,"type":"cond-expr","locations":[{"start":{"line":135,"column":26},"end":{"line":135,"column":29},"skip":true},{"start":{"line":136,"column":26},"end":{"line":136,"column":54},"skip":true}]},"17":{"line":164,"type":"binary-expr","locations":[{"start":{"line":164,"column":27},"end":{"line":164,"column":43},"skip":true},{"start":{"line":164,"column":47},"end":{"line":164,"column":49},"skip":true}]},"18":{"line":258,"type":"if","locations":[{"start":{"line":258,"column":8},"end":{"line":258,"column":8},"skip":true},{"start":{"line":258,"column":8},"end":{"line":258,"column":8},"skip":true}]},"19":{"line":275,"type":"switch","locations":[{"start":{"line":276,"column":20},"end":{"line":277,"column":64},"skip":true},{"start":{"line":278,"column":20},"end":{"line":279,"column":40},"skip":true},{"start":{"line":280,"column":20},"end":{"line":281,"column":40},"skip":true},{"start":{"line":282,"column":20},"end":{"line":283,"column":39},"skip":true}]},"20":{"line":288,"type":"if","locations":[{"start":{"line":288,"column":8},"end":{"line":288,"column":8},"skip":true},{"start":{"line":288,"column":8},"end":{"line":288,"column":8},"skip":true}]},"21":{"line":288,"type":"binary-expr","locations":[{"start":{"line":288,"column":12},"end":{"line":288,"column":40},"skip":true},{"start":{"line":288,"column":44},"end":{"line":288,"column":67},"skip":true}]},"22":{"line":292,"type":"binary-expr","locations":[{"start":{"line":292,"column":12},"end":{"line":292,"column":50},"skip":true},{"start":{"line":293,"column":12},"end":{"line":293,"column":53},"skip":true}]},"23":{"line":297,"type":"binary-expr","locations":[{"start":{"line":297,"column":12},"end":{"line":297,"column":66},"skip":true},{"start":{"line":298,"column":12},"end":{"line":301,"column":36},"skip":true}]},"24":{"line":303,"type":"binary-expr","locations":[{"start":{"line":303,"column":43},"end":{"line":303,"column":75},"skip":true},{"start":{"line":303,"column":79},"end":{"line":303,"column":81},"skip":true}]},"25":{"line":306,"type":"if","locations":[{"start":{"line":306,"column":8},"end":{"line":306,"column":8},"skip":true},{"start":{"line":306,"column":8},"end":{"line":306,"column":8},"skip":true}]},"26":{"line":310,"type":"if","locations":[{"start":{"line":310,"column":8},"end":{"line":310,"column":8},"skip":true},{"start":{"line":310,"column":8},"end":{"line":310,"column":8},"skip":true}]},"27":{"line":313,"type":"binary-expr","locations":[{"start":{"line":313,"column":27},"end":{"line":313,"column":43},"skip":true},{"start":{"line":313,"column":47},"end":{"line":313,"column":53},"skip":true}]},"28":{"line":317,"type":"if","locations":[{"start":{"line":317,"column":12},"end":{"line":317,"column":12},"skip":true},{"start":{"line":317,"column":12},"end":{"line":317,"column":12},"skip":true}]}},"code":["/*","example.js","","quickstart example","","instruction","    1. save this script as example.js","    2. run the shell command:","        $ npm install npmtest-hogan.js && PORT=8081 node example.js","    3. play with the browser-demo on http://127.0.0.1:8081","*/","","","","/* istanbul instrument in package npmtest_hogan_js */","/*jslint","    bitwise: true,","    browser: true,","    maxerr: 8,","    maxlen: 96,","    node: true,","    nomen: true,","    regexp: true,","    stupid: true","*/","(function () {","    'use strict';","    var local;","","","","    // run shared js-env code - pre-init","    (function () {","        // init local","        local = {};","        // init modeJs","        local.modeJs = (function () {","            try {","                return typeof navigator.userAgent === 'string' &&","                    typeof document.querySelector('body') === 'object' &&","                    typeof XMLHttpRequest.prototype.open === 'function' &&","                    'browser';","            } catch (errorCaughtBrowser) {","                return module.exports &&","                    typeof process.versions.node === 'string' &&","                    typeof require('http').createServer === 'function' &&","                    'node';","            }","        }());","        // init global","        local.global = local.modeJs === 'browser'","            ? window","            : global;","        // init utility2_rollup","        local = local.global.utility2_rollup || (local.modeJs === 'browser'","            ? local.global.utility2_npmtest_hogan_js","            : global.utility2_moduleExports);","        // export local","        local.global.local = local;","    }());","    switch (local.modeJs) {","","","","    // post-init","    // run browser js-env code - post-init","    /* istanbul ignore next */","    case 'browser':","        local.testRunBrowser = function (event) {","            if (!event || (event &&","                    event.currentTarget &&","                    event.currentTarget.className &&","                    event.currentTarget.className.includes &&","                    event.currentTarget.className.includes('onreset'))) {","                // reset output","                Array.from(","                    document.querySelectorAll('body > .resettable')","                ).forEach(function (element) {","                    switch (element.tagName) {","                    case 'INPUT':","                    case 'TEXTAREA':","                        element.value = '';","                        break;","                    default:","                        element.textContent = '';","                    }","                });","            }","            switch (event && event.currentTarget && event.currentTarget.id) {","            case 'testRunButton1':","                // show tests","                if (document.querySelector('#testReportDiv1').style.display === 'none') {","                    document.querySelector('#testReportDiv1').style.display = 'block';","                    document.querySelector('#testRunButton1').textContent =","                        'hide internal test';","                    local.modeTest = true;","                    local.testRunDefault(local);","                // hide tests","                } else {","                    document.querySelector('#testReportDiv1').style.display = 'none';","                    document.querySelector('#testRunButton1').textContent = 'run internal test';","                }","                break;","            // custom-case","            default:","                break;","            }","            if (document.querySelector('#inputTextareaEval1') && (!event || (event &&","                    event.currentTarget &&","                    event.currentTarget.className &&","                    event.currentTarget.className.includes &&","                    event.currentTarget.className.includes('oneval')))) {","                // try to eval input-code","                try {","                    /*jslint evil: true*/","                    eval(document.querySelector('#inputTextareaEval1').value);","                } catch (errorCaught) {","                    console.error(errorCaught);","                }","            }","        };","        // log stderr and stdout to #outputTextareaStdout1","        ['error', 'log'].forEach(function (key) {","            console[key + '_original'] = console[key];","            console[key] = function () {","                var element;","                console[key + '_original'].apply(console, arguments);","                element = document.querySelector('#outputTextareaStdout1');","                if (!element) {","                    return;","                }","                // append text to #outputTextareaStdout1","                element.value += Array.from(arguments).map(function (arg) {","                    return typeof arg === 'string'","                        ? arg","                        : JSON.stringify(arg, null, 4);","                }).join(' ') + '\\n';","                // scroll textarea to bottom","                element.scrollTop = element.scrollHeight;","            };","        });","        // init event-handling","        ['change', 'click', 'keyup'].forEach(function (event) {","            Array.from(document.querySelectorAll('.on' + event)).forEach(function (element) {","                element.addEventListener(event, local.testRunBrowser);","            });","        });","        // run tests","        local.testRunBrowser();","        break;","","","","    // run node js-env code - post-init","    /* istanbul ignore next */","    case 'node':","        // export local","        module.exports = local;","        // require modules","        local.fs = require('fs');","        local.http = require('http');","        local.url = require('url');","        // init assets","        local.assetsDict = local.assetsDict || {};","        /* jslint-ignore-begin */","        local.assetsDict['/assets.index.template.html'] = '\\","<!doctype html>\\n\\","<html lang=\"en\">\\n\\","<head>\\n\\","<meta charset=\"UTF-8\">\\n\\","<meta name=\"viewport\" content=\"width=device-width, initial-scale=1\">\\n\\","<title>{{env.npm_package_name}} (v{{env.npm_package_version}})</title>\\n\\","<style>\\n\\","/*csslint\\n\\","    box-sizing: false,\\n\\","    universal-selector: false\\n\\","*/\\n\\","* {\\n\\","    box-sizing: border-box;\\n\\","}\\n\\","body {\\n\\","    background: #dde;\\n\\","    font-family: Arial, Helvetica, sans-serif;\\n\\","    margin: 2rem;\\n\\","}\\n\\","body > * {\\n\\","    margin-bottom: 1rem;\\n\\","}\\n\\",".utility2FooterDiv {\\n\\","    margin-top: 20px;\\n\\","    text-align: center;\\n\\","}\\n\\","</style>\\n\\","<style>\\n\\","/*csslint\\n\\","*/\\n\\","textarea {\\n\\","    font-family: monospace;\\n\\","    height: 10rem;\\n\\","    width: 100%;\\n\\","}\\n\\","textarea[readonly] {\\n\\","    background: #ddd;\\n\\","}\\n\\","</style>\\n\\","</head>\\n\\","<body>\\n\\","<!-- utility2-comment\\n\\","<div id=\"ajaxProgressDiv1\" style=\"background: #d00; height: 2px; left: 0; margin: 0; padding: 0; position: fixed; top: 0; transition: background 0.5s, width 1.5s; width: 25%;\"></div>\\n\\","utility2-comment -->\\n\\","<h1>\\n\\","<!-- utility2-comment\\n\\","    <a\\n\\","        {{#if env.npm_package_homepage}}\\n\\","        href=\"{{env.npm_package_homepage}}\"\\n\\","        {{/if env.npm_package_homepage}}\\n\\","        target=\"_blank\"\\n\\","    >\\n\\","utility2-comment -->\\n\\","        {{env.npm_package_name}} (v{{env.npm_package_version}})\\n\\","<!-- utility2-comment\\n\\","    </a>\\n\\","utility2-comment -->\\n\\","</h1>\\n\\","<h3>{{env.npm_package_description}}</h3>\\n\\","<!-- utility2-comment\\n\\","<h4><a download href=\"assets.app.js\">download standalone app</a></h4>\\n\\","<button class=\"onclick onreset\" id=\"testRunButton1\">run internal test</button><br>\\n\\","<div id=\"testReportDiv1\" style=\"display: none;\"></div>\\n\\","utility2-comment -->\\n\\","\\n\\","\\n\\","\\n\\","<label>stderr and stdout</label>\\n\\","<textarea class=\"resettable\" id=\"outputTextareaStdout1\" readonly></textarea>\\n\\","<!-- utility2-comment\\n\\","{{#if isRollup}}\\n\\","<script src=\"assets.app.js\"></script>\\n\\","{{#unless isRollup}}\\n\\","utility2-comment -->\\n\\","<script src=\"assets.utility2.rollup.js\"></script>\\n\\","<script src=\"jsonp.utility2._stateInit?callback=window.utility2._stateInit\"></script>\\n\\","<script src=\"assets.npmtest_hogan_js.rollup.js\"></script>\\n\\","<script src=\"assets.example.js\"></script>\\n\\","<script src=\"assets.test.js\"></script>\\n\\","<!-- utility2-comment\\n\\","{{/if isRollup}}\\n\\","utility2-comment -->\\n\\","<div class=\"utility2FooterDiv\">\\n\\","    [ this app was created with\\n\\","    <a href=\"https://github.com/kaizhu256/node-utility2\" target=\"_blank\">utility2</a>\\n\\","    ]\\n\\","</div>\\n\\","</body>\\n\\","</html>\\n\\","';","        /* jslint-ignore-end */","        if (local.templateRender) {","            local.assetsDict['/'] = local.templateRender(","                local.assetsDict['/assets.index.template.html'],","                {","                    env: local.objectSetDefault(local.env, {","                        npm_package_description: 'the greatest app in the world!',","                        npm_package_name: 'my-app',","                        npm_package_nameAlias: 'my_app',","                        npm_package_version: '0.0.1'","                    })","                }","            );","        } else {","            local.assetsDict['/'] = local.assetsDict['/assets.index.template.html']","                .replace((/\\{\\{env\\.(\\w+?)\\}\\}/g), function (match0, match1) {","                    // jslint-hack","                    String(match0);","                    switch (match1) {","                    case 'npm_package_description':","                        return 'the greatest app in the world!';","                    case 'npm_package_name':","                        return 'my-app';","                    case 'npm_package_nameAlias':","                        return 'my_app';","                    case 'npm_package_version':","                        return '0.0.1';","                    }","                });","        }","        // run the cli","        if (local.global.utility2_rollup || module !== require.main) {","            break;","        }","        local.assetsDict['/assets.example.js'] =","            local.assetsDict['/assets.example.js'] ||","            local.fs.readFileSync(__filename, 'utf8');","        // bug-workaround - long $npm_package_buildCustomOrg","        /* jslint-ignore-begin */","        local.assetsDict['/assets.npmtest_hogan_js.rollup.js'] =","            local.assetsDict['/assets.npmtest_hogan_js.rollup.js'] ||","            local.fs.readFileSync(","                local.npmtest_hogan_js.__dirname + '/lib.npmtest_hogan_js.js',","                'utf8'","            ).replace((/^#!/), '//');","        /* jslint-ignore-end */","        local.assetsDict['/favicon.ico'] = local.assetsDict['/favicon.ico'] || '';","        // if $npm_config_timeout_exit exists,","        // then exit this process after $npm_config_timeout_exit ms","        if (Number(process.env.npm_config_timeout_exit)) {","            setTimeout(process.exit, Number(process.env.npm_config_timeout_exit));","        }","        // start server","        if (local.global.utility2_serverHttp1) {","            break;","        }","        process.env.PORT = process.env.PORT || '8081';","        console.error('server starting on port ' + process.env.PORT);","        local.http.createServer(function (request, response) {","            request.urlParsed = local.url.parse(request.url);","            if (local.assetsDict[request.urlParsed.pathname] !== undefined) {","                response.end(local.assetsDict[request.urlParsed.pathname]);","                return;","            }","            response.statusCode = 404;","            response.end();","        }).listen(process.env.PORT);","        break;","    }","}());",""],"l":{"26":2,"28":2,"33":2,"35":2,"37":2,"38":2,"39":2,"44":1,"51":2,"55":2,"59":2,"61":2,"69":1,"70":2,"76":2,"79":2,"82":2,"83":2,"85":1,"89":2,"92":1,"93":1,"94":1,"96":1,"97":1,"100":1,"101":1,"103":1,"106":1,"108":2,"114":1,"116":1,"118":1,"123":1,"124":2,"125":2,"126":3,"127":3,"128":3,"129":3,"130":1,"133":3,"134":3,"139":3,"143":1,"144":3,"145":1,"149":1,"150":1,"158":1,"160":1,"161":1,"162":1,"164":1,"166":1,"258":1,"259":1,"271":1,"274":6,"275":6,"277":1,"279":2,"281":1,"283":2,"288":1,"289":1,"291":1,"296":1,"303":1,"306":1,"307":1,"310":1,"311":1,"313":1,"314":1,"315":1,"316":1,"317":1,"318":1,"319":1,"321":1,"322":1,"324":1}},"/home/travis/build/npmtest/node-npmtest-hogan.js/node_modules/hogan.js/lib/hogan.js":{"path":"/home/travis/build/npmtest/node-npmtest-hogan.js/node_modules/hogan.js/lib/hogan.js","s":{"1":1,"2":1,"3":1,"4":1},"b":{},"f":{},"fnMap":{},"statementMap":{"1":{"start":{"line":18,"column":0},"end":{"line":18,"column":34}},"2":{"start":{"line":19,"column":0},"end":{"line":19,"column":48}},"3":{"start":{"line":20,"column":0},"end":{"line":20,"column":32}},"4":{"start":{"line":21,"column":0},"end":{"line":21,"column":23}}},"branchMap":{},"code":["/*"," *  Copyright 2011 Twitter, Inc."," *  Licensed under the Apache License, Version 2.0 (the \"License\");"," *  you may not use this file except in compliance with the License."," *  You may obtain a copy of the License at"," *"," *  http://www.apache.org/licenses/LICENSE-2.0"," *"," *  Unless required by applicable law or agreed to in writing, software"," *  distributed under the License is distributed on an \"AS IS\" BASIS,"," *  WITHOUT WARRANTIES OR CONDITIONS OF ANY KIND, either express or implied."," *  See the License for the specific language governing permissions and"," *  limitations under the License."," */","","// This file is for use with Node.js. See dist/ for browser files.","","var Hogan = require('./compiler');","Hogan.Template = require('./template').Template;","Hogan.template = Hogan.Template;","module.exports = Hogan;",""],"l":{"18":1,"19":1,"20":1,"21":1}},"/home/travis/build/npmtest/node-npmtest-hogan.js/node_modules/hogan.js/lib/compiler.js":{"path":"/home/travis/build/npmtest/node-npmtest-hogan.js/node_modules/hogan.js/lib/compiler.js","s":{"1":1,"2":1,"3":1,"4":1,"5":4,"6":1,"7":18,"8":5,"9":5,"10":1,"11":4,"12":4,"13":10,"14":10,"15":4,"16":0,"17":1,"18":4,"19":4,"20":0,"21":0,"22":0,"23":0,"24":0,"25":4,"26":0,"27":4,"28":4,"29":1,"30":0,"31":0,"32":0,"33":0,"34":4,"35":0,"36":0,"37":0,"38":4,"39":197,"40":53,"41":14,"42":14,"43":14,"44":39,"45":0,"46":39,"47":144,"48":14,"49":14,"50":14,"51":14,"52":0,"53":0,"54":14,"55":14,"56":14,"57":14,"58":130,"59":14,"60":14,"61":14,"62":14,"63":14,"64":0,"65":0,"66":0,"67":116,"68":4,"69":4,"70":1,"71":0,"72":0,"73":1,"74":14,"75":14,"76":0,"77":1,"78":183,"79":155,"80":28,"81":28,"82":0,"83":28,"84":1,"85":1,"86":11,"87":11,"88":11,"89":19,"90":19,"91":0,"92":19,"93":7,"94":7,"95":12,"96":7,"97":0,"98":7,"99":7,"100":0,"101":7,"102":7,"103":5,"104":0,"105":12,"106":4,"107":0,"108":4,"109":1,"110":12,"111":0,"112":0,"113":0,"114":1,"115":0,"116":0,"117":0,"118":1,"119":0,"120":0,"121":0,"122":0,"123":1,"124":0,"125":0,"126":0,"127":0,"128":1,"129":0,"130":1,"131":1,"132":4,"133":4,"134":4,"135":4,"136":0,"137":4,"138":1,"139":4,"140":1,"141":1,"142":4,"143":4,"144":4,"145":1,"146":7,"147":7,"148":3,"149":7,"150":4,"151":7,"152":1,"153":9,"154":1,"155":0,"156":1,"157":3,"158":3,"159":3,"160":3,"161":3,"162":1,"163":0,"164":0,"165":0,"166":0,"167":0,"168":0,"169":3,"170":3,"171":3,"172":3,"173":3,"174":4,"175":4,"176":4,"177":4,"178":1,"179":0,"180":0,"181":5,"182":1,"183":0,"184":1,"185":5,"186":1,"187":11,"188":11,"189":12,"190":12,"191":11,"192":1,"193":4,"194":4,"195":1,"196":1,"197":4,"198":1,"199":4,"200":4,"201":4,"202":4,"203":0,"204":0,"205":0,"206":0,"207":4,"208":4},"b":{"1":[5,13],"2":[10,4,4],"3":[4,6],"4":[0,4],"5":[4,4],"6":[0,0],"7":[0,0],"8":[0,0],"9":[0,4],"10":[0,4],"11":[53,144],"12":[14,39],"13":[0,39],"14":[14,130],"15":[14,0],"16":[0,14],"17":[14,0],"18":[14,116],"19":[7,7],"20":[0,14],"21":[0,0],"22":[0,0],"23":[14,0],"24":[155,28],"25":[0,28],"26":[0,19],"27":[19,14,6],"28":[7,12],"29":[19,12],"30":[7,5],"31":[0,7],"32":[0,7],"33":[7,0],"34":[0,5],"35":[0,0],"36":[0,4],"37":[0,0],"38":[0,0],"39":[0,0],"40":[0,4],"41":[0,0],"42":[3,3],"43":[3,3],"44":[1,3],"45":[0,0],"46":[12,12],"47":[4,0],"48":[4,4],"49":[4,4],"50":[0,4],"51":[1,0]},"f":{"1":1,"2":4,"3":18,"4":4,"5":4,"6":0,"7":0,"8":14,"9":183,"10":11,"11":12,"12":0,"13":0,"14":0,"15":0,"16":4,"17":4,"18":4,"19":7,"20":9,"21":0,"22":3,"23":0,"24":0,"25":3,"26":4,"27":0,"28":0,"29":5,"30":0,"31":5,"32":11,"33":4,"34":4,"35":4},"fnMap":{"1":{"name":"(anonymous_1)","line":16,"loc":{"start":{"line":16,"column":1},"end":{"line":16,"column":18}}},"2":{"name":"scan","line":33,"loc":{"start":{"line":33,"column":15},"end":{"line":33,"column":47}}},"3":{"name":"addBuf","line":49,"loc":{"start":{"line":49,"column":4},"end":{"line":49,"column":22}}},"4":{"name":"lineIsWhitespace","line":56,"loc":{"start":{"line":56,"column":4},"end":{"line":56,"column":32}}},"5":{"name":"filterLine","line":70,"loc":{"start":{"line":70,"column":4},"end":{"line":70,"column":48}}},"6":{"name":"changeDelimiters","line":91,"loc":{"start":{"line":91,"column":4},"end":{"line":91,"column":43}}},"7":{"name":"cleanTripleStache","line":162,"loc":{"start":{"line":162,"column":2},"end":{"line":162,"column":36}}},"8":{"name":"trim","line":168,"loc":{"start":{"line":168,"column":2},"end":{"line":168,"column":19}}},"9":{"name":"tagChange","line":176,"loc":{"start":{"line":176,"column":2},"end":{"line":176,"column":39}}},"10":{"name":"buildTree","line":193,"loc":{"start":{"line":193,"column":2},"end":{"line":193,"column":54}}},"11":{"name":"isOpener","line":235,"loc":{"start":{"line":235,"column":2},"end":{"line":235,"column":33}}},"12":{"name":"isCloser","line":244,"loc":{"start":{"line":244,"column":2},"end":{"line":244,"column":39}}},"13":{"name":"stringifySubstitutions","line":252,"loc":{"start":{"line":252,"column":2},"end":{"line":252,"column":39}}},"14":{"name":"stringifyPartials","line":260,"loc":{"start":{"line":260,"column":2},"end":{"line":260,"column":38}}},"15":{"name":"(anonymous_15)","line":268,"loc":{"start":{"line":268,"column":20},"end":{"line":268,"column":53}}},"16":{"name":"(anonymous_16)","line":273,"loc":{"start":{"line":273,"column":19},"end":{"line":273,"column":49}}},"17":{"name":"(anonymous_17)","line":285,"loc":{"start":{"line":285,"column":19},"end":{"line":285,"column":34}}},"18":{"name":"(anonymous_18)","line":291,"loc":{"start":{"line":291,"column":23},"end":{"line":291,"column":56}}},"19":{"name":"(anonymous_19)","line":297,"loc":{"start":{"line":297,"column":23},"end":{"line":297,"column":41}}},"20":{"name":"esc","line":308,"loc":{"start":{"line":308,"column":2},"end":{"line":308,"column":18}}},"21":{"name":"chooseMethod","line":317,"loc":{"start":{"line":317,"column":2},"end":{"line":317,"column":27}}},"22":{"name":"createPartial","line":321,"loc":{"start":{"line":321,"column":2},"end":{"line":321,"column":40}}},"23":{"name":"(anonymous_23)","line":330,"loc":{"start":{"line":330,"column":9},"end":{"line":330,"column":33}}},"24":{"name":"(anonymous_24)","line":338,"loc":{"start":{"line":338,"column":9},"end":{"line":338,"column":33}}},"25":{"name":"(anonymous_25)","line":345,"loc":{"start":{"line":345,"column":9},"end":{"line":345,"column":33}}},"26":{"name":"(anonymous_26)","line":353,"loc":{"start":{"line":353,"column":9},"end":{"line":353,"column":33}}},"27":{"name":"(anonymous_27)","line":362,"loc":{"start":{"line":362,"column":10},"end":{"line":362,"column":34}}},"28":{"name":"(anonymous_28)","line":366,"loc":{"start":{"line":366,"column":10},"end":{"line":366,"column":34}}},"29":{"name":"(anonymous_29)","line":370,"loc":{"start":{"line":370,"column":10},"end":{"line":370,"column":34}}},"30":{"name":"tripleStache","line":379,"loc":{"start":{"line":379,"column":2},"end":{"line":379,"column":39}}},"31":{"name":"write","line":383,"loc":{"start":{"line":383,"column":2},"end":{"line":383,"column":20}}},"32":{"name":"(anonymous_32)","line":387,"loc":{"start":{"line":387,"column":15},"end":{"line":387,"column":43}}},"33":{"name":"(anonymous_33)","line":396,"loc":{"start":{"line":396,"column":16},"end":{"line":396,"column":48}}},"34":{"name":"(anonymous_34)","line":403,"loc":{"start":{"line":403,"column":19},"end":{"line":403,"column":43}}},"35":{"name":"(anonymous_35)","line":407,"loc":{"start":{"line":407,"column":18},"end":{"line":407,"column":42}}}},"statementMap":{"1":{"start":{"line":16,"column":0},"end":{"line":423,"column":53}},"2":{"start":{"line":19,"column":2},"end":{"line":25,"column":31}},"3":{"start":{"line":27,"column":2},"end":{"line":31,"column":4}},"4":{"start":{"line":33,"column":2},"end":{"line":160,"column":3}},"5":{"start":{"line":34,"column":4},"end":{"line":47,"column":20}},"6":{"start":{"line":49,"column":4},"end":{"line":54,"column":5}},"7":{"start":{"line":50,"column":6},"end":{"line":53,"column":7}},"8":{"start":{"line":51,"column":8},"end":{"line":51,"column":56}},"9":{"start":{"line":52,"column":8},"end":{"line":52,"column":17}},"10":{"start":{"line":56,"column":4},"end":{"line":68,"column":5}},"11":{"start":{"line":57,"column":6},"end":{"line":57,"column":33}},"12":{"start":{"line":58,"column":6},"end":{"line":65,"column":7}},"13":{"start":{"line":59,"column":8},"end":{"line":61,"column":82}},"14":{"start":{"line":62,"column":8},"end":{"line":64,"column":9}},"15":{"start":{"line":63,"column":10},"end":{"line":63,"column":23}},"16":{"start":{"line":67,"column":6},"end":{"line":67,"column":29}},"17":{"start":{"line":70,"column":4},"end":{"line":89,"column":5}},"18":{"start":{"line":71,"column":6},"end":{"line":71,"column":15}},"19":{"start":{"line":73,"column":6},"end":{"line":85,"column":7}},"20":{"start":{"line":74,"column":8},"end":{"line":82,"column":9}},"21":{"start":{"line":75,"column":10},"end":{"line":81,"column":11}},"22":{"start":{"line":76,"column":12},"end":{"line":79,"column":13}},"23":{"start":{"line":78,"column":14},"end":{"line":78,"column":53}},"24":{"start":{"line":80,"column":12},"end":{"line":80,"column":32}},"25":{"start":{"line":83,"column":13},"end":{"line":85,"column":7}},"26":{"start":{"line":84,"column":8},"end":{"line":84,"column":32}},"27":{"start":{"line":87,"column":6},"end":{"line":87,"column":22}},"28":{"start":{"line":88,"column":6},"end":{"line":88,"column":32}},"29":{"start":{"line":91,"column":4},"end":{"line":102,"column":5}},"30":{"start":{"line":92,"column":6},"end":{"line":96,"column":23}},"31":{"start":{"line":98,"column":6},"end":{"line":98,"column":27}},"32":{"start":{"line":99,"column":6},"end":{"line":99,"column":47}},"33":{"start":{"line":101,"column":6},"end":{"line":101,"column":43}},"34":{"start":{"line":104,"column":4},"end":{"line":108,"column":5}},"35":{"start":{"line":105,"column":6},"end":{"line":105,"column":41}},"36":{"start":{"line":106,"column":6},"end":{"line":106,"column":27}},"37":{"start":{"line":107,"column":6},"end":{"line":107,"column":27}},"38":{"start":{"line":110,"column":4},"end":{"line":155,"column":5}},"39":{"start":{"line":111,"column":6},"end":{"line":154,"column":7}},"40":{"start":{"line":112,"column":8},"end":{"line":122,"column":9}},"41":{"start":{"line":113,"column":10},"end":{"line":113,"column":14}},"42":{"start":{"line":114,"column":10},"end":{"line":114,"column":19}},"43":{"start":{"line":115,"column":10},"end":{"line":115,"column":30}},"44":{"start":{"line":117,"column":10},"end":{"line":121,"column":11}},"45":{"start":{"line":118,"column":12},"end":{"line":118,"column":32}},"46":{"start":{"line":120,"column":12},"end":{"line":120,"column":34}},"47":{"start":{"line":123,"column":13},"end":{"line":154,"column":7}},"48":{"start":{"line":124,"column":8},"end":{"line":124,"column":29}},"49":{"start":{"line":125,"column":8},"end":{"line":125,"column":45}},"50":{"start":{"line":126,"column":8},"end":{"line":126,"column":50}},"51":{"start":{"line":127,"column":8},"end":{"line":135,"column":9}},"52":{"start":{"line":128,"column":10},"end":{"line":128,"column":40}},"53":{"start":{"line":129,"column":10},"end":{"line":129,"column":26}},"54":{"start":{"line":131,"column":10},"end":{"line":133,"column":11}},"55":{"start":{"line":132,"column":12},"end":{"line":132,"column":16}},"56":{"start":{"line":134,"column":10},"end":{"line":134,"column":25}},"57":{"start":{"line":136,"column":8},"end":{"line":136,"column":20}},"58":{"start":{"line":138,"column":8},"end":{"line":153,"column":9}},"59":{"start":{"line":139,"column":10},"end":{"line":140,"column":87}},"60":{"start":{"line":141,"column":10},"end":{"line":141,"column":19}},"61":{"start":{"line":142,"column":10},"end":{"line":142,"column":31}},"62":{"start":{"line":143,"column":10},"end":{"line":143,"column":26}},"63":{"start":{"line":144,"column":10},"end":{"line":150,"column":11}},"64":{"start":{"line":145,"column":12},"end":{"line":149,"column":13}},"65":{"start":{"line":146,"column":14},"end":{"line":146,"column":18}},"66":{"start":{"line":148,"column":14},"end":{"line":148,"column":59}},"67":{"start":{"line":152,"column":10},"end":{"line":152,"column":32}},"68":{"start":{"line":157,"column":4},"end":{"line":157,"column":30}},"69":{"start":{"line":159,"column":4},"end":{"line":159,"column":18}},"70":{"start":{"line":162,"column":2},"end":{"line":166,"column":3}},"71":{"start":{"line":163,"column":4},"end":{"line":165,"column":5}},"72":{"start":{"line":164,"column":6},"end":{"line":164,"column":57}},"73":{"start":{"line":168,"column":2},"end":{"line":174,"column":3}},"74":{"start":{"line":169,"column":4},"end":{"line":171,"column":5}},"75":{"start":{"line":170,"column":6},"end":{"line":170,"column":22}},"76":{"start":{"line":173,"column":4},"end":{"line":173,"column":39}},"77":{"start":{"line":176,"column":2},"end":{"line":188,"column":3}},"78":{"start":{"line":177,"column":4},"end":{"line":179,"column":5}},"79":{"start":{"line":178,"column":6},"end":{"line":178,"column":19}},"80":{"start":{"line":181,"column":4},"end":{"line":185,"column":5}},"81":{"start":{"line":182,"column":6},"end":{"line":184,"column":7}},"82":{"start":{"line":183,"column":8},"end":{"line":183,"column":21}},"83":{"start":{"line":187,"column":4},"end":{"line":187,"column":16}},"84":{"start":{"line":191,"column":2},"end":{"line":191,"column":70}},"85":{"start":{"line":193,"column":2},"end":{"line":233,"column":3}},"86":{"start":{"line":194,"column":4},"end":{"line":197,"column":21}},"87":{"start":{"line":199,"column":4},"end":{"line":199,"column":35}},"88":{"start":{"line":201,"column":4},"end":{"line":226,"column":5}},"89":{"start":{"line":202,"column":6},"end":{"line":202,"column":29}},"90":{"start":{"line":204,"column":6},"end":{"line":206,"column":7}},"91":{"start":{"line":205,"column":8},"end":{"line":205,"column":59}},"92":{"start":{"line":208,"column":6},"end":{"line":223,"column":7}},"93":{"start":{"line":209,"column":8},"end":{"line":209,"column":26}},"94":{"start":{"line":210,"column":8},"end":{"line":210,"column":70}},"95":{"start":{"line":211,"column":13},"end":{"line":223,"column":7}},"96":{"start":{"line":212,"column":8},"end":{"line":214,"column":9}},"97":{"start":{"line":213,"column":10},"end":{"line":213,"column":69}},"98":{"start":{"line":215,"column":8},"end":{"line":215,"column":29}},"99":{"start":{"line":216,"column":8},"end":{"line":218,"column":9}},"100":{"start":{"line":217,"column":10},"end":{"line":217,"column":76}},"101":{"start":{"line":219,"column":8},"end":{"line":219,"column":29}},"102":{"start":{"line":220,"column":8},"end":{"line":220,"column":28}},"103":{"start":{"line":221,"column":13},"end":{"line":223,"column":7}},"104":{"start":{"line":222,"column":8},"end":{"line":222,"column":69}},"105":{"start":{"line":225,"column":6},"end":{"line":225,"column":31}},"106":{"start":{"line":228,"column":4},"end":{"line":230,"column":5}},"107":{"start":{"line":229,"column":6},"end":{"line":229,"column":63}},"108":{"start":{"line":232,"column":4},"end":{"line":232,"column":24}},"109":{"start":{"line":235,"column":2},"end":{"line":242,"column":3}},"110":{"start":{"line":236,"column":4},"end":{"line":241,"column":5}},"111":{"start":{"line":237,"column":6},"end":{"line":240,"column":7}},"112":{"start":{"line":238,"column":8},"end":{"line":238,"column":24}},"113":{"start":{"line":239,"column":8},"end":{"line":239,"column":20}},"114":{"start":{"line":244,"column":2},"end":{"line":250,"column":3}},"115":{"start":{"line":245,"column":4},"end":{"line":249,"column":5}},"116":{"start":{"line":246,"column":6},"end":{"line":248,"column":7}},"117":{"start":{"line":247,"column":8},"end":{"line":247,"column":20}},"118":{"start":{"line":252,"column":2},"end":{"line":258,"column":3}},"119":{"start":{"line":253,"column":4},"end":{"line":253,"column":19}},"120":{"start":{"line":254,"column":4},"end":{"line":256,"column":5}},"121":{"start":{"line":255,"column":6},"end":{"line":255,"column":77}},"122":{"start":{"line":257,"column":4},"end":{"line":257,"column":41}},"123":{"start":{"line":260,"column":2},"end":{"line":266,"column":3}},"124":{"start":{"line":261,"column":4},"end":{"line":261,"column":22}},"125":{"start":{"line":262,"column":4},"end":{"line":264,"column":5}},"126":{"start":{"line":263,"column":6},"end":{"line":263,"column":141}},"127":{"start":{"line":265,"column":4},"end":{"line":265,"column":99}},"128":{"start":{"line":268,"column":2},"end":{"line":270,"column":3}},"129":{"start":{"line":269,"column":4},"end":{"line":269,"column":115}},"130":{"start":{"line":272,"column":2},"end":{"line":272,"column":19}},"131":{"start":{"line":273,"column":2},"end":{"line":283,"column":3}},"132":{"start":{"line":274,"column":4},"end":{"line":274,"column":17}},"133":{"start":{"line":275,"column":4},"end":{"line":275,"column":55}},"134":{"start":{"line":276,"column":4},"end":{"line":276,"column":30}},"135":{"start":{"line":278,"column":4},"end":{"line":280,"column":5}},"136":{"start":{"line":279,"column":6},"end":{"line":279,"column":52}},"137":{"start":{"line":282,"column":4},"end":{"line":282,"column":53}},"138":{"start":{"line":285,"column":2},"end":{"line":287,"column":3}},"139":{"start":{"line":286,"column":4},"end":{"line":286,"column":64}},"140":{"start":{"line":289,"column":2},"end":{"line":289,"column":34}},"141":{"start":{"line":291,"column":2},"end":{"line":295,"column":3}},"142":{"start":{"line":292,"column":4},"end":{"line":292,"column":46}},"143":{"start":{"line":293,"column":4},"end":{"line":293,"column":77}},"144":{"start":{"line":294,"column":4},"end":{"line":294,"column":60}},"145":{"start":{"line":297,"column":2},"end":{"line":306,"column":3}},"146":{"start":{"line":298,"column":4},"end":{"line":298,"column":83}},"147":{"start":{"line":299,"column":4},"end":{"line":301,"column":5}},"148":{"start":{"line":300,"column":6},"end":{"line":300,"column":73}},"149":{"start":{"line":302,"column":4},"end":{"line":304,"column":5}},"150":{"start":{"line":303,"column":6},"end":{"line":303,"column":79}},"151":{"start":{"line":305,"column":4},"end":{"line":305,"column":20}},"152":{"start":{"line":308,"column":2},"end":{"line":315,"column":3}},"153":{"start":{"line":309,"column":4},"end":{"line":314,"column":47}},"154":{"start":{"line":317,"column":2},"end":{"line":319,"column":3}},"155":{"start":{"line":318,"column":4},"end":{"line":318,"column":41}},"156":{"start":{"line":321,"column":2},"end":{"line":327,"column":3}},"157":{"start":{"line":322,"column":4},"end":{"line":322,"column":46}},"158":{"start":{"line":323,"column":4},"end":{"line":323,"column":43}},"159":{"start":{"line":324,"column":4},"end":{"line":324,"column":57}},"160":{"start":{"line":325,"column":4},"end":{"line":325,"column":88}},"161":{"start":{"line":326,"column":4},"end":{"line":326,"column":15}},"162":{"start":{"line":329,"column":2},"end":{"line":377,"column":3}},"163":{"start":{"line":331,"column":6},"end":{"line":333,"column":55}},"164":{"start":{"line":334,"column":6},"end":{"line":334,"column":38}},"165":{"start":{"line":335,"column":6},"end":{"line":335,"column":37}},"166":{"start":{"line":339,"column":6},"end":{"line":339,"column":108}},"167":{"start":{"line":340,"column":6},"end":{"line":340,"column":38}},"168":{"start":{"line":341,"column":6},"end":{"line":341,"column":27}},"169":{"start":{"line":346,"column":6},"end":{"line":346,"column":68}},"170":{"start":{"line":347,"column":6},"end":{"line":347,"column":34}},"171":{"start":{"line":348,"column":6},"end":{"line":348,"column":68}},"172":{"start":{"line":349,"column":6},"end":{"line":349,"column":31}},"173":{"start":{"line":350,"column":6},"end":{"line":350,"column":39}},"174":{"start":{"line":354,"column":6},"end":{"line":354,"column":81}},"175":{"start":{"line":355,"column":6},"end":{"line":355,"column":34}},"176":{"start":{"line":356,"column":6},"end":{"line":356,"column":38}},"177":{"start":{"line":357,"column":6},"end":{"line":359,"column":7}},"178":{"start":{"line":358,"column":8},"end":{"line":358,"column":62}},"179":{"start":{"line":363,"column":6},"end":{"line":363,"column":65}},"180":{"start":{"line":367,"column":6},"end":{"line":367,"column":95}},"181":{"start":{"line":371,"column":6},"end":{"line":371,"column":56}},"182":{"start":{"line":379,"column":2},"end":{"line":381,"column":3}},"183":{"start":{"line":380,"column":4},"end":{"line":380,"column":93}},"184":{"start":{"line":383,"column":2},"end":{"line":385,"column":3}},"185":{"start":{"line":384,"column":4},"end":{"line":384,"column":29}},"186":{"start":{"line":387,"column":2},"end":{"line":394,"column":3}},"187":{"start":{"line":388,"column":4},"end":{"line":388,"column":13}},"188":{"start":{"line":389,"column":4},"end":{"line":392,"column":5}},"189":{"start":{"line":390,"column":6},"end":{"line":390,"column":44}},"190":{"start":{"line":391,"column":6},"end":{"line":391,"column":41}},"191":{"start":{"line":393,"column":4},"end":{"line":393,"column":19}},"192":{"start":{"line":396,"column":2},"end":{"line":399,"column":3}},"193":{"start":{"line":397,"column":4},"end":{"line":397,"column":28}},"194":{"start":{"line":398,"column":4},"end":{"line":398,"column":64}},"195":{"start":{"line":401,"column":2},"end":{"line":401,"column":19}},"196":{"start":{"line":403,"column":2},"end":{"line":405,"column":3}},"197":{"start":{"line":404,"column":4},"end":{"line":404,"column":114}},"198":{"start":{"line":407,"column":2},"end":{"line":422,"column":3}},"199":{"start":{"line":408,"column":4},"end":{"line":408,"column":28}},"200":{"start":{"line":409,"column":4},"end":{"line":409,"column":44}},"201":{"start":{"line":410,"column":4},"end":{"line":410,"column":35}},"202":{"start":{"line":412,"column":4},"end":{"line":418,"column":5}},"203":{"start":{"line":413,"column":6},"end":{"line":413,"column":39}},"204":{"start":{"line":414,"column":6},"end":{"line":416,"column":7}},"205":{"start":{"line":415,"column":8},"end":{"line":415,"column":39}},"206":{"start":{"line":417,"column":6},"end":{"line":417,"column":22}},"207":{"start":{"line":420,"column":4},"end":{"line":420,"column":108}},"208":{"start":{"line":421,"column":4},"end":{"line":421,"column":38}}},"branchMap":{"1":{"line":50,"type":"if","locations":[{"start":{"line":50,"column":6},"end":{"line":50,"column":6}},{"start":{"line":50,"column":6},"end":{"line":50,"column":6}}]},"2":{"line":60,"type":"binary-expr","locations":[{"start":{"line":60,"column":11},"end":{"line":60,"column":55}},{"start":{"line":61,"column":11},"end":{"line":61,"column":32}},{"start":{"line":61,"column":36},"end":{"line":61,"column":80}}]},"3":{"line":62,"type":"if","locations":[{"start":{"line":62,"column":8},"end":{"line":62,"column":8}},{"start":{"line":62,"column":8},"end":{"line":62,"column":8}}]},"4":{"line":73,"type":"if","locations":[{"start":{"line":73,"column":6},"end":{"line":73,"column":6}},{"start":{"line":73,"column":6},"end":{"line":73,"column":6}}]},"5":{"line":73,"type":"binary-expr","locations":[{"start":{"line":73,"column":10},"end":{"line":73,"column":21}},{"start":{"line":73,"column":25},"end":{"line":73,"column":43}}]},"6":{"line":75,"type":"if","locations":[{"start":{"line":75,"column":10},"end":{"line":75,"column":10}},{"start":{"line":75,"column":10},"end":{"line":75,"column":10}}]},"7":{"line":76,"type":"if","locations":[{"start":{"line":76,"column":12},"end":{"line":76,"column":12}},{"start":{"line":76,"column":12},"end":{"line":76,"column":12}}]},"8":{"line":76,"type":"binary-expr","locations":[{"start":{"line":76,"column":17},"end":{"line":76,"column":35}},{"start":{"line":76,"column":40},"end":{"line":76,"column":55}}]},"9":{"line":83,"type":"if","locations":[{"start":{"line":83,"column":13},"end":{"line":83,"column":13}},{"start":{"line":83,"column":13},"end":{"line":83,"column":13}}]},"10":{"line":104,"type":"if","locations":[{"start":{"line":104,"column":4},"end":{"line":104,"column":4}},{"start":{"line":104,"column":4},"end":{"line":104,"column":4}}]},"11":{"line":111,"type":"if","locations":[{"start":{"line":111,"column":6},"end":{"line":111,"column":6}},{"start":{"line":111,"column":6},"end":{"line":111,"column":6}}]},"12":{"line":112,"type":"if","locations":[{"start":{"line":112,"column":8},"end":{"line":112,"column":8}},{"start":{"line":112,"column":8},"end":{"line":112,"column":8}}]},"13":{"line":117,"type":"if","locations":[{"start":{"line":117,"column":10},"end":{"line":117,"column":10}},{"start":{"line":117,"column":10},"end":{"line":117,"column":10}}]},"14":{"line":123,"type":"if","locations":[{"start":{"line":123,"column":13},"end":{"line":123,"column":13}},{"start":{"line":123,"column":13},"end":{"line":123,"column":13}}]},"15":{"line":126,"type":"cond-expr","locations":[{"start":{"line":126,"column":24},"end":{"line":126,"column":42}},{"start":{"line":126,"column":45},"end":{"line":126,"column":49}}]},"16":{"line":127,"type":"if","locations":[{"start":{"line":127,"column":8},"end":{"line":127,"column":8}},{"start":{"line":127,"column":8},"end":{"line":127,"column":8}}]},"17":{"line":131,"type":"if","locations":[{"start":{"line":131,"column":10},"end":{"line":131,"column":10}},{"start":{"line":131,"column":10},"end":{"line":131,"column":10}}]},"18":{"line":138,"type":"if","locations":[{"start":{"line":138,"column":8},"end":{"line":138,"column":8}},{"start":{"line":138,"column":8},"end":{"line":138,"column":8}}]},"19":{"line":140,"type":"cond-expr","locations":[{"start":{"line":140,"column":45},"end":{"line":140,"column":66}},{"start":{"line":140,"column":69},"end":{"line":140,"column":84}}]},"20":{"line":144,"type":"if","locations":[{"start":{"line":144,"column":10},"end":{"line":144,"column":10}},{"start":{"line":144,"column":10},"end":{"line":144,"column":10}}]},"21":{"line":145,"type":"if","locations":[{"start":{"line":145,"column":12},"end":{"line":145,"column":12}},{"start":{"line":145,"column":12},"end":{"line":145,"column":12}}]},"22":{"line":163,"type":"if","locations":[{"start":{"line":163,"column":4},"end":{"line":163,"column":4}},{"start":{"line":163,"column":4},"end":{"line":163,"column":4}}]},"23":{"line":169,"type":"if","locations":[{"start":{"line":169,"column":4},"end":{"line":169,"column":4}},{"start":{"line":169,"column":4},"end":{"line":169,"column":4}}]},"24":{"line":177,"type":"if","locations":[{"start":{"line":177,"column":4},"end":{"line":177,"column":4}},{"start":{"line":177,"column":4},"end":{"line":177,"column":4}}]},"25":{"line":182,"type":"if","locations":[{"start":{"line":182,"column":6},"end":{"line":182,"column":6}},{"start":{"line":182,"column":6},"end":{"line":182,"column":6}}]},"26":{"line":204,"type":"if","locations":[{"start":{"line":204,"column":6},"end":{"line":204,"column":6}},{"start":{"line":204,"column":6},"end":{"line":204,"column":6}}]},"27":{"line":204,"type":"binary-expr","locations":[{"start":{"line":204,"column":10},"end":{"line":204,"column":14}},{"start":{"line":204,"column":18},"end":{"line":204,"column":33}},{"start":{"line":204,"column":37},"end":{"line":204,"column":67}}]},"28":{"line":208,"type":"if","locations":[{"start":{"line":208,"column":6},"end":{"line":208,"column":6}},{"start":{"line":208,"column":6},"end":{"line":208,"column":6}}]},"29":{"line":208,"type":"binary-expr","locations":[{"start":{"line":208,"column":10},"end":{"line":208,"column":50}},{"start":{"line":208,"column":54},"end":{"line":208,"column":81}}]},"30":{"line":211,"type":"if","locations":[{"start":{"line":211,"column":13},"end":{"line":211,"column":13}},{"start":{"line":211,"column":13},"end":{"line":211,"column":13}}]},"31":{"line":212,"type":"if","locations":[{"start":{"line":212,"column":8},"end":{"line":212,"column":8}},{"start":{"line":212,"column":8},"end":{"line":212,"column":8}}]},"32":{"line":216,"type":"if","locations":[{"start":{"line":216,"column":8},"end":{"line":216,"column":8}},{"start":{"line":216,"column":8},"end":{"line":216,"column":8}}]},"33":{"line":216,"type":"binary-expr","locations":[{"start":{"line":216,"column":12},"end":{"line":216,"column":31}},{"start":{"line":216,"column":35},"end":{"line":216,"column":75}}]},"34":{"line":221,"type":"if","locations":[{"start":{"line":221,"column":13},"end":{"line":221,"column":13}},{"start":{"line":221,"column":13},"end":{"line":221,"column":13}}]},"35":{"line":222,"type":"binary-expr","locations":[{"start":{"line":222,"column":22},"end":{"line":222,"column":40}},{"start":{"line":222,"column":46},"end":{"line":222,"column":67}}]},"36":{"line":228,"type":"if","locations":[{"start":{"line":228,"column":4},"end":{"line":228,"column":4}},{"start":{"line":228,"column":4},"end":{"line":228,"column":4}}]},"37":{"line":237,"type":"if","locations":[{"start":{"line":237,"column":6},"end":{"line":237,"column":6}},{"start":{"line":237,"column":6},"end":{"line":237,"column":6}}]},"38":{"line":246,"type":"if","locations":[{"start":{"line":246,"column":6},"end":{"line":246,"column":6}},{"start":{"line":246,"column":6},"end":{"line":246,"column":6}}]},"39":{"line":246,"type":"binary-expr","locations":[{"start":{"line":246,"column":10},"end":{"line":246,"column":28}},{"start":{"line":246,"column":32},"end":{"line":246,"column":49}}]},"40":{"line":278,"type":"if","locations":[{"start":{"line":278,"column":4},"end":{"line":278,"column":4}},{"start":{"line":278,"column":4},"end":{"line":278,"column":4}}]},"41":{"line":318,"type":"cond-expr","locations":[{"start":{"line":318,"column":31},"end":{"line":318,"column":34}},{"start":{"line":318,"column":37},"end":{"line":318,"column":40}}]},"42":{"line":322,"type":"binary-expr","locations":[{"start":{"line":322,"column":24},"end":{"line":322,"column":38
[...]
":{"line":228,"column":6},"end":{"line":228,"column":6}}]},"40":{"line":229,"type":"if","locations":[{"start":{"line":229,"column":8},"end":{"line":229,"column":8}},{"start":{"line":229,"column":8},"end":{"line":229,"column":8}}]},"41":{"line":232,"type":"cond-expr","locations":[{"start":{"line":232,"column":92},"end":{"line":232,"column":121}},{"start":{"line":232,"column":124},"end":{"line":232,"column":133}}]},"42":{"line":232,"type":"binary-expr","locations":[{"start":{"line":232,"column":24},"end":{"line":232,"column":38}},{"start":{"line":232,"column":42},"end":{"line":232,"column":55}},{"start":{"line":232,"column":59},"end":{"line":232,"column":88}}]},"43":{"line":245,"type":"if","locations":[{"start":{"line":245,"column":6},"end":{"line":245,"column":6}},{"start":{"line":245,"column":6},"end":{"line":245,"column":6}}]},"44":{"line":254,"type":"if","locations":[{"start":{"line":254,"column":6},"end":{"line":254,"column":6}},{"start":{"line":254,"column":6},"end":{"line":254,"column":6}}]},"45":{"line":267,"type":"if","locations":[{"start":{"line":267,"column":4},"end":{"line":267,"column":4}},{"start":{"line":267,"column":4},"end":{"line":267,"column":4}}]},"46":{"line":267,"type":"binary-expr","locations":[{"start":{"line":267,"column":8},"end":{"line":267,"column":13}},{"start":{"line":267,"column":17},"end":{"line":267,"column":41}}]},"47":{"line":269,"type":"if","locations":[{"start":{"line":269,"column":6},"end":{"line":269,"column":6}},{"start":{"line":269,"column":6},"end":{"line":269,"column":6}}]},"48":{"line":273,"type":"if","locations":[{"start":{"line":273,"column":13},"end":{"line":273,"column":13}},{"start":{"line":273,"column":13},"end":{"line":273,"column":13}}]},"49":{"line":273,"type":"binary-expr","locations":[{"start":{"line":273,"column":17},"end":{"line":273,"column":27}},{"start":{"line":273,"column":31},"end":{"line":273,"column":40}},{"start":{"line":273,"column":44},"end":{"line":273,"column":74}}]},"50":{"line":292,"type":"binary-expr","locations":[{"start":{"line":292,"column":16},"end":{"line":292,"column":25}},{"start":{"line":292,"column":29},"end":{"line":292,"column":31}}]},"51":{"line":296,"type":"if","locations":[{"start":{"line":296,"column":6},"end":{"line":296,"column":6}},{"start":{"line":296,"column":6},"end":{"line":296,"column":6}}]},"52":{"line":302,"type":"binary-expr","locations":[{"start":{"line":302,"column":20},"end":{"line":302,"column":33}},{"start":{"line":302,"column":37},"end":{"line":302,"column":39}}]},"53":{"line":305,"type":"if","locations":[{"start":{"line":305,"column":6},"end":{"line":305,"column":6}},{"start":{"line":305,"column":6},"end":{"line":305,"column":6}}]},"54":{"line":322,"type":"cond-expr","locations":[{"start":{"line":322,"column":56},"end":{"line":322,"column":58}},{"start":{"line":322,"column":61},"end":{"line":322,"column":64}}]},"55":{"line":322,"type":"binary-expr","locations":[{"start":{"line":322,"column":19},"end":{"line":322,"column":31}},{"start":{"line":322,"column":35},"end":{"line":322,"column":52}}]},"56":{"line":327,"type":"cond-expr","locations":[{"start":{"line":328,"column":6},"end":{"line":333,"column":33}},{"start":{"line":334,"column":6},"end":{"line":334,"column":9}}]},"57":{"line":337,"type":"binary-expr","locations":[{"start":{"line":337,"column":16},"end":{"line":337,"column":29}},{"start":{"line":337,"column":33},"end":{"line":339,"column":3}}]},"58":{"line":341,"type":"cond-expr","locations":[{"start":{"line":341,"column":36},"end":{"line":341,"column":43}},{"start":{"line":341,"column":46},"end":{"line":341,"column":51}}]}},"code":["/*"," *  Copyright 2011 Twitter, Inc."," *  Licensed under the Apache License, Version 2.0 (the \"License\");"," *  you may not use this file except in compliance with the License."," *  You may obtain a copy of the License at"," *"," *  http://www.apache.org/licenses/LICENSE-2.0"," *"," *  Unless required by applicable law or agreed to in writing, software"," *  distributed under the License is distributed on an \"AS IS\" BASIS,"," *  WITHOUT WARRANTIES OR CONDITIONS OF ANY KIND, either express or implied."," *  See the License for the specific language governing permissions and"," *  limitations under the License."," */","","var Hogan = {};","","(function (Hogan) {","  Hogan.Template = function (codeObj, text, compiler, options) {","    codeObj = codeObj || {};","    this.r = codeObj.code || this.r;","    this.c = compiler;","    this.options = options || {};","    this.text = text || '';","    this.partials = codeObj.partials || {};","    this.subs = codeObj.subs || {};","    this.buf = '';","  }","","  Hogan.Template.prototype = {","    // render: replaced by generated code.","    r: function (context, partials, indent) { return ''; },","","    // variable escaping","    v: hoganEscape,","","    // triple stache","    t: coerceToString,","","    render: function render(context, partials, indent) {","      return this.ri([context], partials || {}, indent);","    },","","    // render internal -- a hook for overrides that catches partials too","    ri: function (context, partials, indent) {","      return this.r(context, partials, indent);","    },","","    // ensurePartial","    ep: function(symbol, partials) {","      var partial = this.partials[symbol];","","      // check to see that if we've instantiated this partial before","      var template = partials[partial.name];","      if (partial.instance && partial.base == template) {","        return partial.instance;","      }","","      if (typeof template == 'string') {","        if (!this.c) {","          throw new Error(\"No compiler available.\");","        }","        template = this.c.compile(template, this.options);","      }","","      if (!template) {","        return null;","      }","","      // We use this to check whether the partials dictionary has changed","      this.partials[symbol].base = template;","","      if (partial.subs) {","        // Make sure we consider parent template now","        if (!partials.stackText) partials.stackText = {};","        for (key in partial.subs) {","          if (!partials.stackText[key]) {","            partials.stackText[key] = (this.activeSub !== undefined && partials.stackText[this.activeSub]) ? partials.stackText[this.activeSub] : this.text;","          }","        }","        template = createSpecializedPartial(template, partial.subs, partial.partials,","          this.stackSubs, this.stackPartials, partials.stackText);","      }","      this.partials[symbol].instance = template;","","      return template;","    },","","    // tries to find a partial in the current scope and render it","    rp: function(symbol, context, partials, indent) {","      var partial = this.ep(symbol, partials);","      if (!partial) {","        return '';","      }","","      return partial.ri(context, partials, indent);","    },","","    // render a section","    rs: function(context, partials, section) {","      var tail = context[context.length - 1];","","      if (!isArray(tail)) {","        section(context, partials, this);","        return;","      }","","      for (var i = 0; i < tail.length; i++) {","        context.push(tail[i]);","        section(context, partials, this);","        context.pop();","      }","    },","","    // maybe start a section","    s: function(val, ctx, partials, inverted, start, end, tags) {","      var pass;","","      if (isArray(val) && val.length === 0) {","        return false;","      }","","      if (typeof val == 'function') {","        val = this.ms(val, ctx, partials, inverted, start, end, tags);","      }","","      pass = !!val;","","      if (!inverted && pass && ctx) {","        ctx.push((typeof val == 'object') ? val : ctx[ctx.length - 1]);","      }","","      return pass;","    },","","    // find values with dotted names","    d: function(key, ctx, partials, returnFound) {","      var found,","          names = key.split('.'),","          val = this.f(names[0], ctx, partials, returnFound),","          doModelGet = this.options.modelGet,","          cx = null;","","      if (key === '.' && isArray(ctx[ctx.length - 2])) {","        val = ctx[ctx.length - 1];","      } else {","        for (var i = 1; i < names.length; i++) {","          found = findInScope(names[i], val, doModelGet);","          if (found !== undefined) {","            cx = val;","            val = found;","          } else {","            val = '';","          }","        }","      }","","      if (returnFound && !val) {","        return false;","      }","","      if (!returnFound && typeof val == 'function') {","        ctx.push(cx);","        val = this.mv(val, ctx, partials);","        ctx.pop();","      }","","      return val;","    },","","    // find values with normal names","    f: function(key, ctx, partials, returnFound) {","      var val = false,","          v = null,","          found = false,","          doModelGet = this.options.modelGet;","","      for (var i = ctx.length - 1; i >= 0; i--) {","        v = ctx[i];","        val = findInScope(key, v, doModelGet);","        if (val !== undefined) {","          found = true;","          break;","        }","      }","","      if (!found) {","        return (returnFound) ? false : \"\";","      }","","      if (!returnFound && typeof val == 'function') {","        val = this.mv(val, ctx, partials);","      }","","      return val;","    },","","    // higher order templates","    ls: function(func, cx, partials, text, tags) {","      var oldTags = this.options.delimiters;","","      this.options.delimiters = tags;","      this.b(this.ct(coerceToString(func.call(cx, text)), cx, partials));","      this.options.delimiters = oldTags;","","      return false;","    },","","    // compile text","    ct: function(text, cx, partials) {","      if (this.options.disableLambda) {","        throw new Error('Lambda features disabled.');","      }","      return this.c.compile(text, this.options).render(cx, partials);","    },","","    // template result buffering","    b: function(s) { this.buf += s; },","","    fl: function() { var r = this.buf; this.buf = ''; return r; },","","    // method replace section","    ms: function(func, ctx, partials, inverted, start, end, tags) {","      var textSource,","          cx = ctx[ctx.length - 1],","          result = func.call(cx);","","      if (typeof result == 'function') {","        if (inverted) {","          return true;","        } else {","          textSource = (this.activeSub && this.subsText && this.subsText[this.activeSub]) ? this.subsText[this.activeSub] : this.text;","          return this.ls(result, cx, partials, textSource.substring(start, end), tags);","        }","      }","","      return result;","    },","","    // method replace variable","    mv: function(func, ctx, partials) {","      var cx = ctx[ctx.length - 1];","      var result = func.call(cx);","","      if (typeof result == 'function') {","        return this.ct(coerceToString(result.call(cx)), cx, partials);","      }","","      return result;","    },","","    sub: function(name, context, partials, indent) {","      var f = this.subs[name];","      if (f) {","        this.activeSub = name;","        f(context, partials, this, indent);","        this.activeSub = false;","      }","    }","","  };","","  //Find a key in an object","  function findInScope(key, scope, doModelGet) {","    var val;","","    if (scope && typeof scope == 'object') {","","      if (scope[key] !== undefined) {","        val = scope[key];","","      // try lookup with get for backbone or similar model data","      } else if (doModelGet && scope.get && typeof scope.get == 'function') {","        val = scope.get(key);","      }","    }","","    return val;","  }","","  function createSpecializedPartial(instance, subs, partials, stackSubs, stackPartials, stackText) {","    function PartialTemplate() {};","    PartialTemplate.prototype = instance;","    function Substitutions() {};","    Substitutions.prototype = instance.subs;","    var key;","    var partial = new PartialTemplate();","    partial.subs = new Substitutions();","    partial.subsText = {};  //hehe. substext.","    partial.buf = '';","","    stackSubs = stackSubs || {};","    partial.stackSubs = stackSubs;","    partial.subsText = stackText;","    for (key in subs) {","      if (!stackSubs[key]) stackSubs[key] = subs[key];","    }","    for (key in stackSubs) {","      partial.subs[key] = stackSubs[key];","    }","","    stackPartials = stackPartials || {};","    partial.stackPartials = stackPartials;","    for (key in partials) {","      if (!stackPartials[key]) stackPartials[key] = partials[key];","    }","    for (key in stackPartials) {","      partial.partials[key] = stackPartials[key];","    }","","    return partial;","  }","","  var rAmp = /&/g,","      rLt = /</g,","      rGt = />/g,","      rApos = /\\'/g,","      rQuot = /\\\"/g,","      hChars = /[&<>\\\"\\']/;","","  function coerceToString(val) {","    return String((val === null || val === undefined) ? '' : val);","  }","","  function hoganEscape(str) {","    str = coerceToString(str);","    return hChars.test(str) ?","      str","        .replace(rAmp, '&amp;')","        .replace(rLt, '&lt;')","        .replace(rGt, '&gt;')","        .replace(rApos, '&#39;')","        .replace(rQuot, '&quot;') :","      str;","  }","","  var isArray = Array.isArray || function(a) {","    return Object.prototype.toString.call(a) === '[object Array]';","  };","","})(typeof exports !== 'undefined' ? exports : Hogan);",""],"l":{"16":1,"18":1,"19":1,"20":4,"21":4,"22":4,"23":4,"24":4,"25":4,"26":4,"27":4,"30":1,"32":0,"41":4,"46":9,"51":5,"54":5,"55":5,"56":2,"59":3,"60":0,"61":0,"63":0,"66":3,"67":0,"71":3,"73":3,"75":3,"76":3,"77":3,"78":3,"81":3,"84":3,"86":3,"91":5,"92":5,"93":0,"96":5,"101":0,"103":0,"104":0,"105":0,"108":0,"109":0,"110":0,"111":0,"117":0,"119":0,"120":0,"123":0,"124":0,"127":0,"129":0,"130":0,"133":0,"138":0,"144":0,"145":0,"147":0,"148":0,"149":0,"150":0,"151":0,"153":0,"158":0,"159":0,"162":0,"163":0,"164":0,"165":0,"168":0,"173":0,"178":0,"179":0,"180":0,"181":0,"182":0,"183":0,"187":0,"188":0,"191":0,"192":0,"195":0,"200":0,"202":0,"203":0,"204":0,"206":0,"211":0,"212":0,"214":0,"218":22,"220":9,"224":0,"228":0,"229":0,"230":0,"232":0,"233":0,"237":0,"242":0,"243":0,"245":0,"246":0,"249":0,"253":4,"254":4,"255":4,"256":4,"257":4,"264":1,"265":0,"267":0,"269":0,"270":0,"273":0,"274":0,"278":0,"281":1,"282":1,"283":3,"284":1,"285":3,"286":3,"287":3,"288":3,"289":3,"290":3,"292":3,"293":3,"294":3,"295":3,"296":3,"298":3,"299":3,"302":3,"303":3,"304":3,"305":0,"307":3,"308":0,"311":3,"314":1,"321":1,"322":0,"325":1,"326":0,"327":0,"337":1,"338":0}},"/home/travis/build/npmtest/node-npmtest-hogan.js/node_modules/hogan.js/inheritance.js":{"path":"/home/travis/build/npmtest/node-npmtest-hogan.js/node_modules/hogan.js/inheritance.js","s":{"1":1,"2":1,"3":0,"4":0,"5":0,"6":0,"7":0,"8":0,"9":1,"10":0,"11":0,"12":0,"13":0,"14":0,"15":0,"16":1,"17":1,"18":1,"19":1,"20":1,"21":1,"22":1,"23":1,"24":1,"25":1,"26":1,"27":1,"28":1,"29":1},"b":{"1":[1,1]},"f":{"1":0,"2":0,"3":1},"fnMap":{"1":{"name":"doIt","line":3,"loc":{"start":{"line":3,"column":0},"end":{"line":3,"column":16}}},"2":{"name":"doIt2","line":17,"loc":{"start":{"line":17,"column":0},"end":{"line":17,"column":17}}},"3":{"name":"doIt3","line":31,"loc":{"start":{"line":31,"column":0},"end":{"line":31,"column":17}}}},"statementMap":{"1":{"start":{"line":1,"column":0},"end":{"line":1,"column":44}},"2":{"start":{"line":3,"column":0},"end":{"line":15,"column":1}},"3":{"start":{"line":5,"column":4},"end":{"line":5,"column":128}},"4":{"start":{"line":7,"column":4},"end":{"line":7,"column":154}},"5":{"start":{"line":9,"column":4},"end":{"line":9,"column":88}},"6":{"start":{"line":11,"column":4},"end":{"line":11,"column":86}},"7":{"start":{"line":13,"column":4},"end":{"line":13,"column":37}},"8":{"start":{"line":14,"column":4},"end":{"line":14,"column":75}},"9":{"start":{"line":17,"column":0},"end":{"line":29,"column":1}},"10":{"start":{"line":19,"column":4},"end":{"line":19,"column":124}},"11":{"start":{"line":21,"column":4},"end":{"line":21,"column":155}},"12":{"start":{"line":23,"column":4},"end":{"line":23,"column":131}},"13":{"start":{"line":25,"column":4},"end":{"line":25,"column":86}},"14":{"start":{"line":27,"column":4},"end":{"line":27,"column":37}},"15":{"start":{"line":28,"column":4},"end":{"line":28,"column":75}},"16":{"start":{"line":31,"column":0},"end":{"line":48,"column":1}},"17":{"start":{"line":32,"column":2},"end":{"line":32,"column":19}},"18":{"start":{"line":33,"column":2},"end":{"line":33,"column":97}},"19":{"start":{"line":34,"column":2},"end":{"line":34,"column":97}},"20":{"start":{"line":35,"column":2},"end":{"line":35,"column":97}},"21":{"start":{"line":36,"column":2},"end":{"line":36,"column":72}},"22":{"start":{"line":37,"column":2},"end":{"line":37,"column":8}},"23":{"start":{"line":39,"column":2},"end":{"line":39,"column":28}},"24":{"start":{"line":41,"column":2},"end":{"line":41,"column":48}},"25":{"start":{"line":43,"column":2},"end":{"line":43,"column":70}},"26":{"start":{"line":45,"column":2},"end":{"line":45,"column":70}},"27":{"start":{"line":46,"column":2},"end":{"line":46,"column":34}},"28":{"start":{"line":47,"column":2},"end":{"line":47,"column":50}},"29":{"start":{"line":50,"column":0},"end":{"line":50,"column":8}}},"branchMap":{"1":{"line":1,"type":"binary-expr","locations":[{"start":{"line":1,"column":12},"end":{"line":1,"column":17}},{"start":{"line":1,"column":21},"end":{"line":1,"column":43}}]}},"code":["var Hogan = Hogan || require('./lib/hogan');","","function doIt() {","","    var child        = Hogan.compile('{{< intermediate }} {{$childcontent}} child content {{/childcontent}} {{/intermediate}}');","","    var intermediate = Hogan.compile('{{< parent}} {{$content}} intermediate content {{$childcontent}} ERROR {{/childcontent}} {{/content}} {{/parent}}');","","    var parent       = Hogan.compile('Content:{{$content}} parent content{{/content}}');","","    var result       = child.render({}, {intermediate: intermediate, parent: parent});","","    console.log(\"got:     \", result);","    console.log(\"expected:\", \"Content: intermediate content child content\")","}","","function doIt2() {","","    var child        = Hogan.compile('{{< intermediate }}{{$childcontent}}child content{{/childcontent}}{{/intermediate}}');","","    var intermediate = Hogan.compile('{{< parent}} {{$content}} intermediate content {{/content}}{{$childcontent}} ERROR2 {{/childcontent}}  {{/parent}}');","","    var parent       = Hogan.compile('Content:{{$content}} parent content {{/content}}{{$childcontent}} ERROR1 {{/childcontent}}');","","    var result       = child.render({}, {intermediate: intermediate, parent: parent});","","    console.log(\"got:     \", result);","    console.log(\"expected:\", \"Content: intermediate content child content\")","}","","function doIt3() {","  Hogan.cache = {};","  var child1 = Hogan.compile(\"{{<intermediate}}{{$content}}CHILD1{{/content}}{{/intermediate}}\");","  var child2 = Hogan.compile(\"{{<intermediate}}{{$content}}CHILD2{{/content}}{{/intermediate}}\");","  var intermediate = Hogan.compile(\"{{<parent}}{{$content}}INTERMEDIATE{{/content}}{{/parent}}\");","  var parent = Hogan.compile(\"Content: {{$content}}PARENT{{/content}}\");","  var s;","","  s = parent.render({}, {});","","  s = intermediate.render({}, {parent: parent});","","  s = child1.render({}, {intermediate: intermediate, parent: parent});","","  s = child2.render({}, {intermediate: intermediate, parent: parent});","  console.log(\"got:         \", s);","  console.log(\"expected:    \", \"Content: CHILD2\");","}","","doIt3();",""],"l":{"1":1,"3":1,"5":0,"7":0,"9":0,"11":0,"13":0,"14":0,"17":1,"19":0,"21":0,"23":0,"25":0,"27":0,"28":0,"31":1,"32":1,"33":1,"34":1,"35":1,"36":1,"37":1,"39":1,"41":1,"43":1,"45":1,"46":1,"47":1,"50":1}}}